2024/09/30 08:56:18 [notice] 1#1: using the "epoll" event method
2024/09/30 08:56:18 [notice] 1#1: nginx/1.27.1
2024/09/30 08:56:18 [notice] 1#1: built by gcc 13.2.1 20240309 (Alpine 13.2.1_git20240309) 
2024/09/30 08:56:18 [notice] 1#1: OS: Linux 5.15.133.1-microsoft-standard-WSL2
2024/09/30 08:56:18 [notice] 1#1: getrlimit(RLIMIT_NOFILE): 1048576:1048576
2024/09/30 08:56:18 [notice] 1#1: start worker processes
2024/09/30 08:56:18 [notice] 1#1: start worker process 29
2024/09/30 08:56:18 [notice] 1#1: start worker process 30
2024/09/30 08:56:18 [notice] 1#1: start worker process 31
2024/09/30 08:56:18 [notice] 1#1: start worker process 32
2024/09/30 08:56:18 [notice] 1#1: start worker process 33
2024/09/30 08:56:18 [notice] 1#1: start worker process 34
2024/09/30 08:56:18 [notice] 1#1: start worker process 35
2024/09/30 08:56:18 [notice] 1#1: start worker process 36
2024/09/30 08:58:05 [error] 29#29: *1 open() "/usr/share/nginx/html/favicon.ico" failed (2: No such file or directory), client: 172.19.0.1, server: localhost, request: "GET /favicon.ico HTTP/1.1", host: "localhost", referrer: "http://localhost/"
2024/09/30 08:58:19 [notice] 1#1: signal 3 (SIGQUIT) received, shutting down
2024/09/30 08:58:19 [notice] 29#29: gracefully shutting down
2024/09/30 08:58:19 [notice] 30#30: gracefully shutting down
2024/09/30 08:58:19 [notice] 31#31: gracefully shutting down
2024/09/30 08:58:19 [notice] 32#32: gracefully shutting down
2024/09/30 08:58:19 [notice] 32#32: exiting
2024/09/30 08:58:19 [notice] 33#33: gracefully shutting down
2024/09/30 08:58:19 [notice] 34#34: gracefully shutting down
2024/09/30 08:58:19 [notice] 35#35: gracefully shutting down
2024/09/30 08:58:19 [notice] 36#36: gracefully shutting down
2024/09/30 08:58:19 [notice] 29#29: exiting
2024/09/30 08:58:19 [notice] 31#31: exiting
2024/09/30 08:58:19 [notice] 32#32: exit
2024/09/30 08:58:19 [notice] 33#33: exiting
2024/09/30 08:58:19 [notice] 34#34: exiting
2024/09/30 08:58:19 [notice] 34#34: exit
2024/09/30 08:58:19 [notice] 35#35: exiting
2024/09/30 08:58:19 [notice] 36#36: exiting
2024/09/30 08:58:19 [notice] 29#29: exit
2024/09/30 08:58:19 [notice] 31#31: exit
2024/09/30 08:58:19 [notice] 33#33: exit
2024/09/30 08:58:19 [notice] 35#35: exit
2024/09/30 08:58:19 [notice] 36#36: exit
2024/09/30 08:58:19 [notice] 1#1: signal 17 (SIGCHLD) received from 32
2024/09/30 08:58:19 [notice] 1#1: worker process 32 exited with code 0
2024/09/30 08:58:19 [notice] 1#1: worker process 33 exited with code 0
2024/09/30 08:58:19 [notice] 1#1: worker process 36 exited with code 0
2024/09/30 08:58:19 [notice] 1#1: signal 29 (SIGIO) received
2024/09/30 08:58:19 [notice] 1#1: signal 17 (SIGCHLD) received from 34
2024/09/30 08:58:19 [notice] 1#1: worker process 34 exited with code 0
2024/09/30 08:58:19 [notice] 1#1: worker process 35 exited with code 0
2024/09/30 08:58:19 [notice] 1#1: signal 29 (SIGIO) received
2024/09/30 08:58:19 [notice] 1#1: signal 17 (SIGCHLD) received from 31
2024/09/30 08:58:19 [notice] 1#1: worker process 31 exited with code 0
2024/09/30 08:58:19 [notice] 1#1: signal 29 (SIGIO) received
2024/09/30 08:58:19 [notice] 1#1: signal 17 (SIGCHLD) received from 29
2024/09/30 08:58:19 [notice] 1#1: worker process 29 exited with code 0
2024/09/30 08:58:19 [notice] 1#1: signal 29 (SIGIO) received
2024/09/30 08:58:21 [notice] 1#1: signal 3 (SIGQUIT) received, shutting down
2024/09/30 13:19:55 [notice] 1#1: using the "epoll" event method
2024/09/30 13:19:55 [notice] 1#1: nginx/1.27.1
2024/09/30 13:19:55 [notice] 1#1: built by gcc 13.2.1 20240309 (Alpine 13.2.1_git20240309) 
2024/09/30 13:19:55 [notice] 1#1: OS: Linux 5.15.133.1-microsoft-standard-WSL2
2024/09/30 13:19:55 [notice] 1#1: getrlimit(RLIMIT_NOFILE): 1048576:1048576
2024/09/30 13:19:55 [notice] 1#1: start worker processes
2024/09/30 13:19:55 [notice] 1#1: start worker process 29
2024/09/30 13:19:55 [notice] 1#1: start worker process 30
2024/09/30 13:19:55 [notice] 1#1: start worker process 31
2024/09/30 13:19:55 [notice] 1#1: start worker process 32
2024/09/30 13:19:55 [notice] 1#1: start worker process 33
2024/09/30 13:19:55 [notice] 1#1: start worker process 34
2024/09/30 13:19:55 [notice] 1#1: start worker process 35
2024/09/30 13:19:55 [notice] 1#1: start worker process 36
2024/09/30 13:21:44 [error] 30#30: *2 open() "/usr/share/nginx/html/favicon.ico" failed (2: No such file or directory), client: 172.19.0.1, server: localhost, request: "GET /favicon.ico HTTP/1.1", host: "localhost", referrer: "http://localhost/"
2024/09/30 13:24:12 [notice] 1#1: signal 3 (SIGQUIT) received, shutting down
2024/09/30 13:24:12 [notice] 29#29: gracefully shutting down
2024/09/30 13:24:12 [notice] 30#30: gracefully shutting down
2024/09/30 13:24:12 [notice] 31#31: gracefully shutting down
2024/09/30 13:24:12 [notice] 36#36: gracefully shutting down
2024/09/30 13:24:12 [notice] 35#35: gracefully shutting down
2024/09/30 13:24:12 [notice] 32#32: gracefully shutting down
2024/09/30 13:24:12 [notice] 33#33: gracefully shutting down
2024/09/30 13:24:12 [notice] 29#29: exiting
2024/09/30 13:24:12 [notice] 34#34: gracefully shutting down
2024/09/30 13:24:12 [notice] 30#30: exiting
2024/09/30 13:24:12 [notice] 31#31: exiting
2024/09/30 13:24:12 [notice] 34#34: exiting
2024/09/30 13:24:12 [notice] 36#36: exiting
2024/09/30 13:24:12 [notice] 35#35: exiting
2024/09/30 13:24:12 [notice] 32#32: exiting
2024/09/30 13:24:12 [notice] 33#33: exiting
2024/09/30 13:24:12 [notice] 29#29: exit
2024/09/30 13:24:12 [notice] 30#30: exit
2024/09/30 13:24:12 [notice] 31#31: exit
2024/09/30 13:24:12 [notice] 34#34: exit
2024/09/30 13:24:12 [notice] 36#36: exit
2024/09/30 13:24:12 [notice] 35#35: exit
2024/09/30 13:24:12 [notice] 32#32: exit
2024/09/30 13:24:12 [notice] 33#33: exit
2024/09/30 13:24:12 [notice] 1#1: signal 17 (SIGCHLD) received from 33
2024/09/30 13:24:12 [notice] 1#1: worker process 33 exited with code 0
2024/09/30 13:24:12 [notice] 1#1: signal 29 (SIGIO) received
2024/09/30 13:24:12 [notice] 1#1: signal 17 (SIGCHLD) received from 34
2024/09/30 13:24:12 [notice] 1#1: worker process 30 exited with code 0
2024/09/30 13:24:12 [notice] 1#1: worker process 31 exited with code 0
2024/09/30 13:24:12 [notice] 1#1: worker process 34 exited with code 0
2024/09/30 13:24:12 [notice] 1#1: worker process 35 exited with code 0
2024/09/30 13:24:12 [notice] 1#1: signal 29 (SIGIO) received
2024/09/30 13:24:12 [notice] 1#1: signal 17 (SIGCHLD) received from 31
2024/09/30 13:24:12 [notice] 1#1: signal 17 (SIGCHLD) received from 29
2024/09/30 13:24:12 [notice] 1#1: worker process 29 exited with code 0
2024/09/30 13:24:12 [notice] 1#1: signal 29 (SIGIO) received
2024/09/30 13:24:12 [notice] 1#1: signal 17 (SIGCHLD) received from 36
2024/09/30 13:24:12 [notice] 1#1: worker process 36 exited with code 0
2024/09/30 13:24:12 [notice] 1#1: signal 29 (SIGIO) received
2024/09/30 13:24:12 [notice] 1#1: signal 17 (SIGCHLD) received from 32
2024/09/30 13:24:12 [notice] 1#1: worker process 32 exited with code 0
2024/09/30 13:24:12 [notice] 1#1: exit
2024/10/05 10:12:40 [notice] 1#1: using the "epoll" event method
2024/10/05 10:12:40 [notice] 1#1: nginx/1.27.1
2024/10/05 10:12:40 [notice] 1#1: built by gcc 13.2.1 20240309 (Alpine 13.2.1_git20240309) 
2024/10/05 10:12:40 [notice] 1#1: OS: Linux 5.15.133.1-microsoft-standard-WSL2
2024/10/05 10:12:40 [notice] 1#1: getrlimit(RLIMIT_NOFILE): 1048576:1048576
2024/10/05 10:12:40 [notice] 1#1: start worker processes
2024/10/05 10:12:40 [notice] 1#1: start worker process 29
2024/10/05 10:12:40 [notice] 1#1: start worker process 30
2024/10/05 10:12:40 [notice] 1#1: start worker process 31
2024/10/05 10:12:40 [notice] 1#1: start worker process 32
2024/10/05 10:12:40 [notice] 1#1: start worker process 33
2024/10/05 10:12:40 [notice] 1#1: start worker process 34
2024/10/05 10:12:40 [notice] 1#1: start worker process 35
2024/10/05 10:12:40 [notice] 1#1: start worker process 36
2024/10/05 10:13:13 [error] 29#29: *1 open() "/usr/share/nginx/html/favicon.ico" failed (2: No such file or directory), client: 172.19.0.1, server: localhost, request: "GET /favicon.ico HTTP/1.1", host: "localhost", referrer: "http://localhost/"
2024/10/05 10:50:53 [notice] 1#1: signal 3 (SIGQUIT) received, shutting down
2024/10/05 10:50:53 [notice] 33#33: gracefully shutting down
2024/10/05 10:50:53 [notice] 36#36: gracefully shutting down
2024/10/05 10:50:53 [notice] 31#31: gracefully shutting down
2024/10/05 10:50:53 [notice] 35#35: gracefully shutting down
2024/10/05 10:50:53 [notice] 34#34: gracefully shutting down
2024/10/05 10:50:53 [notice] 30#30: gracefully shutting down
2024/10/05 10:50:53 [notice] 29#29: gracefully shutting down
2024/10/05 10:50:53 [notice] 30#30: exiting
2024/10/05 10:50:53 [notice] 32#32: gracefully shutting down
2024/10/05 10:50:53 [notice] 33#33: exiting
2024/10/05 10:50:53 [notice] 36#36: exiting
2024/10/05 10:50:53 [notice] 30#30: exit
2024/10/05 10:50:53 [notice] 31#31: exiting
2024/10/05 10:50:53 [notice] 35#35: exiting
2024/10/05 10:50:53 [notice] 34#34: exiting
2024/10/05 10:50:53 [notice] 29#29: exiting
2024/10/05 10:50:53 [notice] 34#34: exit
2024/10/05 10:50:53 [notice] 33#33: exit
2024/10/05 10:50:53 [notice] 36#36: exit
2024/10/05 10:50:53 [notice] 32#32: exiting
2024/10/05 10:50:53 [notice] 31#31: exit
2024/10/05 10:50:53 [notice] 35#35: exit
2024/10/05 10:50:53 [notice] 29#29: exit
2024/10/05 10:50:53 [notice] 32#32: exit
2024/10/05 10:50:53 [notice] 1#1: signal 17 (SIGCHLD) received from 34
2024/10/05 10:50:53 [notice] 1#1: worker process 34 exited with code 0
2024/10/05 10:50:53 [notice] 1#1: worker process 35 exited with code 0
2024/10/05 10:50:53 [notice] 1#1: signal 29 (SIGIO) received
2024/10/05 10:50:53 [notice] 1#1: signal 17 (SIGCHLD) received from 35
2024/10/05 10:50:53 [notice] 1#1: signal 17 (SIGCHLD) received from 36
2024/10/05 10:50:53 [notice] 1#1: worker process 29 exited with code 0
2024/10/05 10:50:53 [notice] 1#1: worker process 30 exited with code 0
2024/10/05 10:50:53 [notice] 1#1: worker process 31 exited with code 0
2024/10/05 10:50:53 [notice] 1#1: worker process 32 exited with code 0
2024/10/05 10:50:53 [notice] 1#1: worker process 33 exited with code 0
2024/10/05 10:50:53 [notice] 1#1: worker process 36 exited with code 0
2024/10/05 10:50:53 [notice] 1#1: exit
2024/10/05 11:22:56 [notice] 1#1: using the "epoll" event method
2024/10/05 11:22:56 [notice] 1#1: nginx/1.27.1
2024/10/05 11:22:56 [notice] 1#1: built by gcc 13.2.1 20240309 (Alpine 13.2.1_git20240309) 
2024/10/05 11:22:56 [notice] 1#1: OS: Linux 5.15.133.1-microsoft-standard-WSL2
2024/10/05 11:22:56 [notice] 1#1: getrlimit(RLIMIT_NOFILE): 1048576:1048576
2024/10/05 11:22:56 [notice] 1#1: start worker processes
2024/10/05 11:22:56 [notice] 1#1: start worker process 29
2024/10/05 11:22:56 [notice] 1#1: start worker process 30
2024/10/05 11:22:56 [notice] 1#1: start worker process 31
2024/10/05 11:22:56 [notice] 1#1: start worker process 32
2024/10/05 11:22:56 [notice] 1#1: start worker process 33
2024/10/05 11:22:56 [notice] 1#1: start worker process 34
2024/10/05 11:22:56 [notice] 1#1: start worker process 35
2024/10/05 11:22:56 [notice] 1#1: start worker process 36
2024/10/05 12:29:46 [notice] 1#1: signal 3 (SIGQUIT) received, shutting down
2024/10/05 12:29:46 [notice] 29#29: gracefully shutting down
2024/10/05 12:29:46 [notice] 33#33: gracefully shutting down
2024/10/05 12:29:46 [notice] 31#31: gracefully shutting down
2024/10/05 12:29:46 [notice] 34#34: gracefully shutting down
2024/10/05 12:29:46 [notice] 32#32: gracefully shutting down
2024/10/05 12:29:46 [notice] 30#30: gracefully shutting down
2024/10/05 12:29:46 [notice] 36#36: gracefully shutting down
2024/10/05 12:29:46 [notice] 35#35: gracefully shutting down
2024/10/05 12:29:46 [notice] 29#29: exiting
2024/10/05 12:29:46 [notice] 31#31: exiting
2024/10/05 12:29:46 [notice] 33#33: exiting
2024/10/05 12:29:46 [notice] 34#34: exiting
2024/10/05 12:29:46 [notice] 32#32: exiting
2024/10/05 12:29:46 [notice] 36#36: exiting
2024/10/05 12:29:46 [notice] 30#30: exiting
2024/10/05 12:29:46 [notice] 35#35: exiting
2024/10/05 12:29:46 [notice] 34#34: exit
2024/10/05 12:29:46 [notice] 32#32: exit
2024/10/05 12:29:46 [notice] 33#33: exit
2024/10/05 12:29:46 [notice] 29#29: exit
2024/10/05 12:29:46 [notice] 36#36: exit
2024/10/05 12:29:46 [notice] 30#30: exit
2024/10/05 12:29:46 [notice] 31#31: exit
2024/10/05 12:29:46 [notice] 35#35: exit
2024/10/05 12:29:47 [notice] 1#1: signal 17 (SIGCHLD) received from 33
2024/10/05 12:29:47 [notice] 1#1: worker process 33 exited with code 0
2024/10/05 12:29:47 [notice] 1#1: signal 29 (SIGIO) received
2024/10/05 12:29:47 [notice] 1#1: signal 17 (SIGCHLD) received from 36
2024/10/05 12:29:47 [notice] 1#1: worker process 32 exited with code 0
2024/10/05 12:29:47 [notice] 1#1: worker process 34 exited with code 0
2024/10/05 12:29:47 [notice] 1#1: worker process 36 exited with code 0
2024/10/05 12:29:47 [notice] 1#1: signal 29 (SIGIO) received
2024/10/05 12:29:47 [notice] 1#1: signal 17 (SIGCHLD) received from 32
2024/10/05 12:29:47 [notice] 1#1: signal 17 (SIGCHLD) received from 35
2024/10/05 12:29:47 [notice] 1#1: worker process 29 exited with code 0
2024/10/05 12:29:47 [notice] 1#1: worker process 30 exited with code 0
2024/10/05 12:29:47 [notice] 1#1: worker process 35 exited with code 0
2024/10/05 12:29:47 [notice] 1#1: signal 29 (SIGIO) received
2024/10/05 12:29:47 [notice] 1#1: signal 17 (SIGCHLD) received from 30
2024/10/05 12:29:47 [notice] 1#1: signal 17 (SIGCHLD) received from 31
2024/10/05 12:29:47 [notice] 1#1: worker process 31 exited with code 0
2024/10/05 12:29:47 [notice] 1#1: exit
2024/10/05 22:20:36 [notice] 1#1: using the "epoll" event method
2024/10/05 22:20:36 [notice] 1#1: nginx/1.27.1
2024/10/05 22:20:36 [notice] 1#1: built by gcc 13.2.1 20240309 (Alpine 13.2.1_git20240309) 
2024/10/05 22:20:36 [notice] 1#1: OS: Linux 5.15.133.1-microsoft-standard-WSL2
2024/10/05 22:20:36 [notice] 1#1: getrlimit(RLIMIT_NOFILE): 1048576:1048576
2024/10/05 22:20:36 [notice] 1#1: start worker processes
2024/10/05 22:20:36 [notice] 1#1: start worker process 29
2024/10/05 22:20:36 [notice] 1#1: start worker process 30
2024/10/05 22:20:36 [notice] 1#1: start worker process 31
2024/10/05 22:20:36 [notice] 1#1: start worker process 32
2024/10/05 22:20:36 [notice] 1#1: start worker process 33
2024/10/05 22:20:36 [notice] 1#1: start worker process 34
2024/10/05 22:20:36 [notice] 1#1: start worker process 35
2024/10/05 22:20:36 [notice] 1#1: start worker process 36
2024/10/05 22:20:49 [notice] 1#1: signal 3 (SIGQUIT) received, shutting down
2024/10/05 22:20:49 [notice] 30#30: gracefully shutting down
2024/10/05 22:20:49 [notice] 31#31: gracefully shutting down
2024/10/05 22:20:49 [notice] 33#33: gracefully shutting down
2024/10/05 22:20:49 [notice] 34#34: gracefully shutting down
2024/10/05 22:20:49 [notice] 29#29: gracefully shutting down
2024/10/05 22:20:49 [notice] 32#32: gracefully shutting down
2024/10/05 22:20:49 [notice] 35#35: gracefully shutting down
2024/10/05 22:20:49 [notice] 36#36: gracefully shutting down
2024/10/05 22:20:49 [notice] 35#35: exiting
2024/10/05 22:20:49 [notice] 30#30: exiting
2024/10/05 22:20:49 [notice] 33#33: exiting
2024/10/05 22:20:49 [notice] 31#31: exiting
2024/10/05 22:20:49 [notice] 34#34: exiting
2024/10/05 22:20:49 [notice] 29#29: exiting
2024/10/05 22:20:49 [notice] 32#32: exiting
2024/10/05 22:20:49 [notice] 36#36: exiting
2024/10/05 22:20:49 [notice] 35#35: exit
2024/10/05 22:20:49 [notice] 30#30: exit
2024/10/05 22:20:49 [notice] 33#33: exit
2024/10/05 22:20:49 [notice] 31#31: exit
2024/10/05 22:20:49 [notice] 34#34: exit
2024/10/05 22:20:49 [notice] 29#29: exit
2024/10/05 22:20:49 [notice] 32#32: exit
2024/10/05 22:20:49 [notice] 36#36: exit
2024/10/05 22:20:49 [notice] 1#1: signal 17 (SIGCHLD) received from 30
2024/10/05 22:20:49 [notice] 1#1: worker process 29 exited with code 0
2024/10/05 22:20:49 [notice] 1#1: worker process 30 exited with code 0
2024/10/05 22:20:49 [notice] 1#1: worker process 32 exited with code 0
2024/10/05 22:20:49 [notice] 1#1: worker process 33 exited with code 0
2024/10/05 22:20:49 [notice] 1#1: worker process 34 exited with code 0
2024/10/05 22:20:49 [notice] 1#1: worker process 35 exited with code 0
2024/10/05 22:20:49 [notice] 1#1: worker process 36 exited with code 0
2024/10/05 22:20:49 [notice] 1#1: signal 29 (SIGIO) received
2024/10/05 22:20:49 [notice] 1#1: signal 17 (SIGCHLD) received from 32
2024/10/05 22:20:49 [notice] 1#1: signal 17 (SIGCHLD) received from 31
2024/10/05 22:20:49 [notice] 1#1: worker process 31 exited with code 0
2024/10/05 22:20:49 [notice] 1#1: exit
2024/10/05 23:29:42 [notice] 1#1: using the "epoll" event method
2024/10/05 23:29:42 [notice] 1#1: nginx/1.27.1
2024/10/05 23:29:42 [notice] 1#1: built by gcc 13.2.1 20240309 (Alpine 13.2.1_git20240309) 
2024/10/05 23:29:42 [notice] 1#1: OS: Linux 5.15.133.1-microsoft-standard-WSL2
2024/10/05 23:29:42 [notice] 1#1: getrlimit(RLIMIT_NOFILE): 1048576:1048576
2024/10/05 23:29:42 [notice] 1#1: start worker processes
2024/10/05 23:29:42 [notice] 1#1: start worker process 29
2024/10/05 23:29:42 [notice] 1#1: start worker process 30
2024/10/05 23:29:42 [notice] 1#1: start worker process 31
2024/10/05 23:29:42 [notice] 1#1: start worker process 32
2024/10/05 23:29:42 [notice] 1#1: start worker process 33
2024/10/05 23:29:42 [notice] 1#1: start worker process 34
2024/10/05 23:29:42 [notice] 1#1: start worker process 35
2024/10/05 23:29:42 [notice] 1#1: start worker process 36
2024/10/05 23:30:00 [notice] 1#1: signal 3 (SIGQUIT) received, shutting down
2024/10/05 23:30:00 [notice] 31#31: gracefully shutting down
2024/10/05 23:30:00 [notice] 29#29: gracefully shutting down
2024/10/05 23:30:00 [notice] 30#30: gracefully shutting down
2024/10/05 23:30:00 [notice] 35#35: gracefully shutting down
2024/10/05 23:30:00 [notice] 32#32: gracefully shutting down
2024/10/05 23:30:00 [notice] 33#33: gracefully shutting down
2024/10/05 23:30:00 [notice] 34#34: gracefully shutting down
2024/10/05 23:30:00 [notice] 36#36: gracefully shutting down
2024/10/05 23:30:00 [notice] 31#31: exiting
2024/10/05 23:30:00 [notice] 35#35: exiting
2024/10/05 23:30:00 [notice] 29#29: exiting
2024/10/05 23:30:00 [notice] 32#32: exiting
2024/10/05 23:30:00 [notice] 33#33: exiting
2024/10/05 23:30:00 [notice] 34#34: exiting
2024/10/05 23:30:00 [notice] 36#36: exiting
2024/10/05 23:30:00 [notice] 31#31: exit
2024/10/05 23:30:00 [notice] 35#35: exit
2024/10/05 23:30:00 [notice] 29#29: exit
2024/10/05 23:30:00 [notice] 32#32: exit
2024/10/05 23:30:00 [notice] 33#33: exit
2024/10/05 23:30:00 [notice] 34#34: exit
2024/10/05 23:30:00 [notice] 36#36: exit
2024/10/05 23:30:00 [notice] 1#1: signal 17 (SIGCHLD) received from 29
2024/10/05 23:30:00 [notice] 1#1: worker process 29 exited with code 0
2024/10/05 23:30:00 [notice] 1#1: worker process 32 exited with code 0
2024/10/05 23:30:00 [notice] 1#1: worker process 34 exited with code 0
2024/10/05 23:30:00 [notice] 1#1: worker process 35 exited with code 0
2024/10/05 23:30:00 [notice] 1#1: worker process 36 exited with code 0
2024/10/05 23:30:00 [notice] 1#1: signal 29 (SIGIO) received
2024/10/05 23:30:00 [notice] 1#1: signal 17 (SIGCHLD) received from 35
2024/10/05 23:30:00 [notice] 1#1: signal 17 (SIGCHLD) received from 31
2024/10/05 23:30:00 [notice] 1#1: worker process 31 exited with code 0
2024/10/05 23:30:00 [notice] 1#1: signal 29 (SIGIO) received
2024/10/05 23:30:00 [notice] 1#1: signal 17 (SIGCHLD) received from 33
2024/10/05 23:30:00 [notice] 1#1: worker process 33 exited with code 0
2024/10/05 23:30:00 [notice] 1#1: signal 29 (SIGIO) received
2024/10/05 23:30:01 [notice] 1#1: signal 3 (SIGQUIT) received, shutting down
2024/10/05 23:30:06 [notice] 1#1: signal 3 (SIGQUIT) received, shutting down
2024/10/05 23:30:52 [notice] 1#1: using the "epoll" event method
2024/10/05 23:30:52 [notice] 1#1: nginx/1.27.1
2024/10/05 23:30:52 [notice] 1#1: built by gcc 13.2.1 20240309 (Alpine 13.2.1_git20240309) 
2024/10/05 23:30:52 [notice] 1#1: OS: Linux 5.15.133.1-microsoft-standard-WSL2
2024/10/05 23:30:52 [notice] 1#1: getrlimit(RLIMIT_NOFILE): 1048576:1048576
2024/10/05 23:30:52 [notice] 1#1: start worker processes
2024/10/05 23:30:52 [notice] 1#1: start worker process 29
2024/10/05 23:30:52 [notice] 1#1: start worker process 30
2024/10/05 23:30:52 [notice] 1#1: start worker process 31
2024/10/05 23:30:52 [notice] 1#1: start worker process 32
2024/10/05 23:30:52 [notice] 1#1: start worker process 33
2024/10/05 23:30:52 [notice] 1#1: start worker process 34
2024/10/05 23:30:52 [notice] 1#1: start worker process 35
2024/10/05 23:30:52 [notice] 1#1: start worker process 36
2024/10/05 23:31:36 [notice] 1#1: signal 3 (SIGQUIT) received, shutting down
2024/10/05 23:31:36 [notice] 30#30: gracefully shutting down
2024/10/05 23:31:36 [notice] 29#29: gracefully shutting down
2024/10/05 23:31:36 [notice] 32#32: gracefully shutting down
2024/10/05 23:31:36 [notice] 31#31: gracefully shutting down
2024/10/05 23:31:36 [notice] 35#35: gracefully shutting down
2024/10/05 23:31:36 [notice] 33#33: gracefully shutting down
2024/10/05 23:31:36 [notice] 34#34: gracefully shutting down
2024/10/05 23:31:36 [notice] 36#36: gracefully shutting down
2024/10/05 23:31:36 [notice] 30#30: exiting
2024/10/05 23:31:36 [notice] 29#29: exiting
2024/10/05 23:31:36 [notice] 32#32: exiting
2024/10/05 23:31:36 [notice] 31#31: exiting
2024/10/05 23:31:36 [notice] 35#35: exiting
2024/10/05 23:31:36 [notice] 33#33: exiting
2024/10/05 23:31:36 [notice] 34#34: exiting
2024/10/05 23:31:36 [notice] 36#36: exiting
2024/10/05 23:31:36 [notice] 30#30: exit
2024/10/05 23:31:36 [notice] 29#29: exit
2024/10/05 23:31:36 [notice] 32#32: exit
2024/10/05 23:31:36 [notice] 31#31: exit
2024/10/05 23:31:36 [notice] 35#35: exit
2024/10/05 23:31:36 [notice] 33#33: exit
2024/10/05 23:31:36 [notice] 34#34: exit
2024/10/05 23:31:36 [notice] 36#36: exit
2024/10/05 23:31:36 [notice] 1#1: signal 17 (SIGCHLD) received from 34
2024/10/05 23:31:36 [notice] 1#1: worker process 34 exited with code 0
2024/10/05 23:31:36 [notice] 1#1: signal 29 (SIGIO) received
2024/10/05 23:31:36 [notice] 1#1: signal 17 (SIGCHLD) received from 35
2024/10/05 23:31:36 [notice] 1#1: worker process 29 exited with code 0
2024/10/05 23:31:36 [notice] 1#1: worker process 31 exited with code 0
2024/10/05 23:31:36 [notice] 1#1: worker process 35 exited with code 0
2024/10/05 23:31:36 [notice] 1#1: worker process 36 exited with code 0
2024/10/05 23:31:36 [notice] 1#1: signal 29 (SIGIO) received
2024/10/05 23:31:36 [notice] 1#1: signal 17 (SIGCHLD) received from 31
2024/10/05 23:31:36 [notice] 1#1: signal 17 (SIGCHLD) received from 30
2024/10/05 23:31:36 [notice] 1#1: worker process 30 exited with code 0
2024/10/05 23:31:36 [notice] 1#1: worker process 33 exited with code 0
2024/10/05 23:31:36 [notice] 1#1: signal 29 (SIGIO) received
2024/10/05 23:31:36 [notice] 1#1: signal 17 (SIGCHLD) received from 32
2024/10/05 23:31:36 [notice] 1#1: worker process 32 exited with code 0
2024/10/05 23:31:36 [notice] 1#1: exit
2024/10/06 13:04:33 [notice] 1#1: using the "epoll" event method
2024/10/06 13:04:33 [notice] 1#1: nginx/1.27.1
2024/10/06 13:04:33 [notice] 1#1: built by gcc 13.2.1 20240309 (Alpine 13.2.1_git20240309) 
2024/10/06 13:04:33 [notice] 1#1: OS: Linux 5.15.133.1-microsoft-standard-WSL2
2024/10/06 13:04:33 [notice] 1#1: getrlimit(RLIMIT_NOFILE): 1048576:1048576
2024/10/06 13:04:33 [notice] 1#1: start worker processes
2024/10/06 13:04:33 [notice] 1#1: start worker process 29
2024/10/06 13:04:33 [notice] 1#1: start worker process 30
2024/10/06 13:04:33 [notice] 1#1: start worker process 31
2024/10/06 13:04:33 [notice] 1#1: start worker process 32
2024/10/06 13:04:33 [notice] 1#1: start worker process 33
2024/10/06 13:04:33 [notice] 1#1: start worker process 34
2024/10/06 13:04:33 [notice] 1#1: start worker process 35
2024/10/06 13:04:33 [notice] 1#1: start worker process 36
2024/10/06 13:05:00 [error] 29#29: *1 open() "/usr/share/nginx/html/favicon.ico" failed (2: No such file or directory), client: 172.20.0.1, server: localhost, request: "GET /favicon.ico HTTP/1.1", host: "localhost", referrer: "http://localhost/"
2024/10/06 13:24:06 [notice] 1#1: signal 3 (SIGQUIT) received, shutting down
2024/10/06 13:24:06 [notice] 29#29: gracefully shutting down
2024/10/06 13:24:06 [notice] 32#32: gracefully shutting down
2024/10/06 13:24:06 [notice] 31#31: gracefully shutting down
2024/10/06 13:24:06 [notice] 30#30: gracefully shutting down
2024/10/06 13:24:06 [notice] 33#33: gracefully shutting down
2024/10/06 13:24:06 [notice] 36#36: gracefully shutting down
2024/10/06 13:24:06 [notice] 35#35: gracefully shutting down
2024/10/06 13:24:06 [notice] 34#34: gracefully shutting down
2024/10/06 13:24:06 [notice] 29#29: exiting
2024/10/06 13:24:06 [notice] 32#32: exiting
2024/10/06 13:24:06 [notice] 29#29: exit
2024/10/06 13:24:06 [notice] 31#31: exiting
2024/10/06 13:24:06 [notice] 30#30: exiting
2024/10/06 13:24:06 [notice] 33#33: exiting
2024/10/06 13:24:06 [notice] 36#36: exiting
2024/10/06 13:24:06 [notice] 35#35: exiting
2024/10/06 13:24:06 [notice] 34#34: exiting
2024/10/06 13:24:06 [notice] 32#32: exit
2024/10/06 13:24:06 [notice] 31#31: exit
2024/10/06 13:24:06 [notice] 30#30: exit
2024/10/06 13:24:06 [notice] 33#33: exit
2024/10/06 13:24:06 [notice] 36#36: exit
2024/10/06 13:24:06 [notice] 35#35: exit
2024/10/06 13:24:06 [notice] 34#34: exit
2024/10/06 13:24:06 [notice] 1#1: signal 17 (SIGCHLD) received from 36
2024/10/06 13:24:06 [notice] 1#1: worker process 32 exited with code 0
2024/10/06 13:24:06 [notice] 1#1: worker process 36 exited with code 0
2024/10/06 13:24:06 [notice] 1#1: signal 29 (SIGIO) received
2024/10/06 13:24:06 [notice] 1#1: signal 17 (SIGCHLD) received from 34
2024/10/06 13:24:06 [notice] 1#1: worker process 29 exited with code 0
2024/10/06 13:24:06 [notice] 1#1: worker process 30 exited with code 0
2024/10/06 13:24:06 [notice] 1#1: worker process 34 exited with code 0
2024/10/06 13:24:06 [notice] 1#1: signal 29 (SIGIO) received
2024/10/06 13:24:06 [notice] 1#1: signal 17 (SIGCHLD) received from 29
2024/10/06 13:24:06 [notice] 1#1: signal 17 (SIGCHLD) received from 33
2024/10/06 13:24:06 [notice] 1#1: worker process 33 exited with code 0
2024/10/06 13:24:06 [notice] 1#1: signal 29 (SIGIO) received
2024/10/06 13:24:06 [notice] 1#1: signal 17 (SIGCHLD) received from 35
2024/10/06 13:24:06 [notice] 1#1: worker process 35 exited with code 0
2024/10/06 13:24:06 [notice] 1#1: signal 29 (SIGIO) received
2024/10/06 13:24:06 [notice] 1#1: signal 17 (SIGCHLD) received from 31
2024/10/06 13:24:06 [notice] 1#1: worker process 31 exited with code 0
2024/10/06 13:24:06 [notice] 1#1: exit
2024/10/06 13:24:44 [notice] 1#1: using the "epoll" event method
2024/10/06 13:24:44 [notice] 1#1: nginx/1.27.1
2024/10/06 13:24:44 [notice] 1#1: built by gcc 13.2.1 20240309 (Alpine 13.2.1_git20240309) 
2024/10/06 13:24:44 [notice] 1#1: OS: Linux 5.15.133.1-microsoft-standard-WSL2
2024/10/06 13:24:44 [notice] 1#1: getrlimit(RLIMIT_NOFILE): 1048576:1048576
2024/10/06 13:24:44 [notice] 1#1: start worker processes
2024/10/06 13:24:44 [notice] 1#1: start worker process 29
2024/10/06 13:24:44 [notice] 1#1: start worker process 30
2024/10/06 13:24:44 [notice] 1#1: start worker process 31
2024/10/06 13:24:44 [notice] 1#1: start worker process 32
2024/10/06 13:24:44 [notice] 1#1: start worker process 33
2024/10/06 13:24:44 [notice] 1#1: start worker process 34
2024/10/06 13:24:44 [notice] 1#1: start worker process 35
2024/10/06 13:24:44 [notice] 1#1: start worker process 36
2024/10/06 13:32:51 [notice] 1#1: signal 3 (SIGQUIT) received, shutting down
2024/10/06 13:32:51 [notice] 29#29: gracefully shutting down
2024/10/06 13:32:51 [notice] 32#32: gracefully shutting down
2024/10/06 13:32:51 [notice] 33#33: gracefully shutting down
2024/10/06 13:32:51 [notice] 33#33: exiting
2024/10/06 13:32:51 [notice] 31#31: gracefully shutting down
2024/10/06 13:32:51 [notice] 35#35: gracefully shutting down
2024/10/06 13:32:51 [notice] 30#30: gracefully shutting down
2024/10/06 13:32:51 [notice] 30#30: exiting
2024/10/06 13:32:51 [notice] 34#34: gracefully shutting down
2024/10/06 13:32:51 [notice] 34#34: exiting
2024/10/06 13:32:51 [notice] 34#34: exit
2024/10/06 13:32:51 [notice] 36#36: gracefully shutting down
2024/10/06 13:32:51 [notice] 36#36: exiting
2024/10/06 13:32:51 [notice] 29#29: exiting
2024/10/06 13:32:51 [notice] 32#32: exiting
2024/10/06 13:32:51 [notice] 33#33: exit
2024/10/06 13:32:51 [notice] 31#31: exiting
2024/10/06 13:32:51 [notice] 35#35: exiting
2024/10/06 13:32:51 [notice] 30#30: exit
2024/10/06 13:32:51 [notice] 36#36: exit
2024/10/06 13:32:51 [notice] 29#29: exit
2024/10/06 13:32:51 [notice] 32#32: exit
2024/10/06 13:32:51 [notice] 31#31: exit
2024/10/06 13:32:51 [notice] 35#35: exit
2024/10/06 13:32:51 [notice] 1#1: signal 17 (SIGCHLD) received from 36
2024/10/06 13:32:51 [notice] 1#1: worker process 29 exited with code 0
2024/10/06 13:32:51 [notice] 1#1: worker process 30 exited with code 0
2024/10/06 13:32:51 [notice] 1#1: worker process 31 exited with code 0
2024/10/06 13:32:51 [notice] 1#1: worker process 32 exited with code 0
2024/10/06 13:32:51 [notice] 1#1: worker process 33 exited with code 0
2024/10/06 13:32:51 [notice] 1#1: worker process 34 exited with code 0
2024/10/06 13:32:51 [notice] 1#1: worker process 35 exited with code 0
2024/10/06 13:32:51 [notice] 1#1: worker process 36 exited with code 0
2024/10/06 13:32:51 [notice] 1#1: exit
2024/10/06 13:33:06 [notice] 1#1: using the "epoll" event method
2024/10/06 13:33:06 [notice] 1#1: nginx/1.27.1
2024/10/06 13:33:06 [notice] 1#1: built by gcc 13.2.1 20240309 (Alpine 13.2.1_git20240309) 
2024/10/06 13:33:06 [notice] 1#1: OS: Linux 5.15.133.1-microsoft-standard-WSL2
2024/10/06 13:33:06 [notice] 1#1: getrlimit(RLIMIT_NOFILE): 1048576:1048576
2024/10/06 13:33:06 [notice] 1#1: start worker processes
2024/10/06 13:33:06 [notice] 1#1: start worker process 29
2024/10/06 13:33:06 [notice] 1#1: start worker process 30
2024/10/06 13:33:06 [notice] 1#1: start worker process 31
2024/10/06 13:33:06 [notice] 1#1: start worker process 32
2024/10/06 13:33:06 [notice] 1#1: start worker process 33
2024/10/06 13:33:06 [notice] 1#1: start worker process 34
2024/10/06 13:33:06 [notice] 1#1: start worker process 35
2024/10/06 13:33:06 [notice] 1#1: start worker process 36
2024/10/06 13:35:03 [notice] 1#1: signal 3 (SIGQUIT) received, shutting down
2024/10/06 13:35:03 [notice] 29#29: gracefully shutting down
2024/10/06 13:35:03 [notice] 31#31: gracefully shutting down
2024/10/06 13:35:03 [notice] 30#30: gracefully shutting down
2024/10/06 13:35:03 [notice] 32#32: gracefully shutting down
2024/10/06 13:35:03 [notice] 33#33: gracefully shutting down
2024/10/06 13:35:03 [notice] 34#34: gracefully shutting down
2024/10/06 13:35:03 [notice] 35#35: gracefully shutting down
2024/10/06 13:35:03 [notice] 36#36: gracefully shutting down
2024/10/06 13:35:03 [notice] 29#29: exiting
2024/10/06 13:35:03 [notice] 31#31: exiting
2024/10/06 13:35:03 [notice] 29#29: exit
2024/10/06 13:35:03 [notice] 30#30: exiting
2024/10/06 13:35:03 [notice] 32#32: exiting
2024/10/06 13:35:03 [notice] 33#33: exiting
2024/10/06 13:35:03 [notice] 34#34: exiting
2024/10/06 13:35:03 [notice] 35#35: exiting
2024/10/06 13:35:03 [notice] 34#34: exit
2024/10/06 13:35:03 [notice] 36#36: exiting
2024/10/06 13:35:03 [notice] 31#31: exit
2024/10/06 13:35:03 [notice] 30#30: exit
2024/10/06 13:35:03 [notice] 32#32: exit
2024/10/06 13:35:03 [notice] 33#33: exit
2024/10/06 13:35:03 [notice] 35#35: exit
2024/10/06 13:35:03 [notice] 36#36: exit
2024/10/06 13:35:04 [notice] 1#1: signal 17 (SIGCHLD) received from 36
2024/10/06 13:35:04 [notice] 1#1: worker process 33 exited with code 0
2024/10/06 13:35:04 [notice] 1#1: worker process 36 exited with code 0
2024/10/06 13:35:04 [notice] 1#1: signal 29 (SIGIO) received
2024/10/06 13:35:04 [notice] 1#1: signal 17 (SIGCHLD) received from 33
2024/10/06 13:35:04 [notice] 1#1: signal 17 (SIGCHLD) received from 29
2024/10/06 13:35:04 [notice] 1#1: worker process 29 exited with code 0
2024/10/06 13:35:04 [notice] 1#1: worker process 34 exited with code 0
2024/10/06 13:35:04 [notice] 1#1: signal 29 (SIGIO) received
2024/10/06 13:35:04 [notice] 1#1: signal 17 (SIGCHLD) received from 30
2024/10/06 13:35:04 [notice] 1#1: worker process 30 exited with code 0
2024/10/06 13:35:04 [notice] 1#1: worker process 31 exited with code 0
2024/10/06 13:35:04 [notice] 1#1: worker process 32 exited with code 0
2024/10/06 13:35:04 [notice] 1#1: worker process 35 exited with code 0
2024/10/06 13:35:04 [notice] 1#1: exit
2024/10/06 13:35:16 [notice] 1#1: using the "epoll" event method
2024/10/06 13:35:16 [notice] 1#1: nginx/1.27.2
2024/10/06 13:35:16 [notice] 1#1: built by gcc 13.2.1 20240309 (Alpine 13.2.1_git20240309) 
2024/10/06 13:35:16 [notice] 1#1: OS: Linux 5.15.133.1-microsoft-standard-WSL2
2024/10/06 13:35:16 [notice] 1#1: getrlimit(RLIMIT_NOFILE): 1048576:1048576
2024/10/06 13:35:16 [notice] 1#1: start worker processes
2024/10/06 13:35:16 [notice] 1#1: start worker process 29
2024/10/06 13:35:16 [notice] 1#1: start worker process 30
2024/10/06 13:35:16 [notice] 1#1: start worker process 31
2024/10/06 13:35:16 [notice] 1#1: start worker process 32
2024/10/06 13:35:16 [notice] 1#1: start worker process 33
2024/10/06 13:35:16 [notice] 1#1: start worker process 34
2024/10/06 13:35:16 [notice] 1#1: start worker process 35
2024/10/06 13:35:16 [notice] 1#1: start worker process 36
2024/10/06 13:43:09 [notice] 1#1: signal 3 (SIGQUIT) received, shutting down
2024/10/06 13:43:09 [notice] 31#31: gracefully shutting down
2024/10/06 13:43:09 [notice] 36#36: gracefully shutting down
2024/10/06 13:43:09 [notice] 32#32: gracefully shutting down
2024/10/06 13:43:09 [notice] 30#30: gracefully shutting down
2024/10/06 13:43:09 [notice] 29#29: gracefully shutting down
2024/10/06 13:43:09 [notice] 33#33: gracefully shutting down
2024/10/06 13:43:09 [notice] 31#31: exiting
2024/10/06 13:43:09 [notice] 34#34: gracefully shutting down
2024/10/06 13:43:09 [notice] 35#35: gracefully shutting down
2024/10/06 13:43:09 [notice] 32#32: exiting
2024/10/06 13:43:09 [notice] 36#36: exiting
2024/10/06 13:43:09 [notice] 30#30: exiting
2024/10/06 13:43:09 [notice] 29#29: exiting
2024/10/06 13:43:09 [notice] 31#31: exit
2024/10/06 13:43:09 [notice] 33#33: exiting
2024/10/06 13:43:09 [notice] 34#34: exiting
2024/10/06 13:43:09 [notice] 33#33: exit
2024/10/06 13:43:09 [notice] 35#35: exiting
2024/10/06 13:43:09 [notice] 32#32: exit
2024/10/06 13:43:09 [notice] 36#36: exit
2024/10/06 13:43:09 [notice] 30#30: exit
2024/10/06 13:43:09 [notice] 29#29: exit
2024/10/06 13:43:09 [notice] 34#34: exit
2024/10/06 13:43:09 [notice] 35#35: exit
2024/10/06 13:43:09 [notice] 1#1: signal 17 (SIGCHLD) received from 36
2024/10/06 13:43:09 [notice] 1#1: worker process 29 exited with code 0
2024/10/06 13:43:09 [notice] 1#1: worker process 35 exited with code 0
2024/10/06 13:43:09 [notice] 1#1: worker process 36 exited with code 0
2024/10/06 13:43:09 [notice] 1#1: signal 29 (SIGIO) received
2024/10/06 13:43:09 [notice] 1#1: signal 17 (SIGCHLD) received from 34
2024/10/06 13:43:09 [notice] 1#1: worker process 34 exited with code 0
2024/10/06 13:43:09 [notice] 1#1: signal 29 (SIGIO) received
2024/10/06 13:43:09 [notice] 1#1: signal 17 (SIGCHLD) received from 31
2024/10/06 13:43:09 [notice] 1#1: worker process 31 exited with code 0
2024/10/06 13:43:09 [notice] 1#1: signal 29 (SIGIO) received
2024/10/06 13:43:09 [notice] 1#1: signal 17 (SIGCHLD) received from 33
2024/10/06 13:43:09 [notice] 1#1: worker process 30 exited with code 0
2024/10/06 13:43:09 [notice] 1#1: worker process 33 exited with code 0
2024/10/06 13:43:09 [notice] 1#1: signal 29 (SIGIO) received
2024/10/06 13:43:09 [notice] 1#1: signal 17 (SIGCHLD) received from 32
2024/10/06 13:43:09 [notice] 1#1: worker process 32 exited with code 0
2024/10/06 13:43:09 [notice] 1#1: exit
2024/10/06 13:43:20 [notice] 1#1: using the "epoll" event method
2024/10/06 13:43:20 [notice] 1#1: nginx/1.27.2
2024/10/06 13:43:20 [notice] 1#1: built by gcc 13.2.1 20240309 (Alpine 13.2.1_git20240309) 
2024/10/06 13:43:20 [notice] 1#1: OS: Linux 5.15.133.1-microsoft-standard-WSL2
2024/10/06 13:43:20 [notice] 1#1: getrlimit(RLIMIT_NOFILE): 1048576:1048576
2024/10/06 13:43:20 [notice] 1#1: start worker processes
2024/10/06 13:43:20 [notice] 1#1: start worker process 29
2024/10/06 13:43:20 [notice] 1#1: start worker process 30
2024/10/06 13:43:20 [notice] 1#1: start worker process 31
2024/10/06 13:43:20 [notice] 1#1: start worker process 32
2024/10/06 13:43:20 [notice] 1#1: start worker process 33
2024/10/06 13:43:20 [notice] 1#1: start worker process 34
2024/10/06 13:43:20 [notice] 1#1: start worker process 35
2024/10/06 13:43:20 [notice] 1#1: start worker process 36
2024/10/06 13:43:51 [error] 29#29: *2 open() "/usr/share/nginx/html/style.css" failed (2: No such file or directory), client: 172.20.0.1, server: localhost, request: "GET /style.css HTTP/1.1", host: "localhost", referrer: "http://localhost/"
2024/10/06 13:43:51 [error] 29#29: *2 open() "/usr/share/nginx/html/js/app.js" failed (2: No such file or directory), client: 172.20.0.1, server: localhost, request: "GET /js/app.js HTTP/1.1", host: "localhost", referrer: "http://localhost/"
2024/10/06 13:43:54 [error] 29#29: *2 open() "/usr/share/nginx/html/style.css" failed (2: No such file or directory), client: 172.20.0.1, server: localhost, request: "GET /style.css HTTP/1.1", host: "localhost", referrer: "http://localhost/index.html"
2024/10/06 13:43:54 [error] 29#29: *2 open() "/usr/share/nginx/html/js/app.js" failed (2: No such file or directory), client: 172.20.0.1, server: localhost, request: "GET /js/app.js HTTP/1.1", host: "localhost", referrer: "http://localhost/index.html"
2024/10/06 13:44:19 [notice] 1#1: signal 3 (SIGQUIT) received, shutting down
2024/10/06 13:44:19 [notice] 29#29: gracefully shutting down
2024/10/06 13:44:19 [notice] 30#30: gracefully shutting down
2024/10/06 13:44:19 [notice] 32#32: gracefully shutting down
2024/10/06 13:44:19 [notice] 33#33: gracefully shutting down
2024/10/06 13:44:19 [notice] 33#33: exiting
2024/10/06 13:44:19 [notice] 31#31: gracefully shutting down
2024/10/06 13:44:19 [notice] 36#36: gracefully shutting down
2024/10/06 13:44:19 [notice] 34#34: gracefully shutting down
2024/10/06 13:44:19 [notice] 35#35: gracefully shutting down
2024/10/06 13:44:19 [notice] 29#29: exiting
2024/10/06 13:44:19 [notice] 32#32: exiting
2024/10/06 13:44:19 [notice] 33#33: exit
2024/10/06 13:44:19 [notice] 31#31: exiting
2024/10/06 13:44:19 [notice] 36#36: exiting
2024/10/06 13:44:19 [notice] 34#34: exiting
2024/10/06 13:44:19 [notice] 35#35: exiting
2024/10/06 13:44:19 [notice] 29#29: exit
2024/10/06 13:44:19 [notice] 32#32: exit
2024/10/06 13:44:19 [notice] 31#31: exit
2024/10/06 13:44:19 [notice] 36#36: exit
2024/10/06 13:44:19 [notice] 34#34: exit
2024/10/06 13:44:19 [notice] 35#35: exit
2024/10/06 13:44:19 [notice] 1#1: signal 17 (SIGCHLD) received from 32
2024/10/06 13:44:19 [notice] 1#1: worker process 32 exited with code 0
2024/10/06 13:44:19 [notice] 1#1: worker process 36 exited with code 0
2024/10/06 13:44:19 [notice] 1#1: signal 29 (SIGIO) received
2024/10/06 13:44:19 [notice] 1#1: signal 17 (SIGCHLD) received from 29
2024/10/06 13:44:19 [notice] 1#1: worker process 29 exited with code 0
2024/10/06 13:44:19 [notice] 1#1: worker process 34 exited with code 0
2024/10/06 13:44:19 [notice] 1#1: signal 29 (SIGIO) received
2024/10/06 13:44:19 [notice] 1#1: signal 17 (SIGCHLD) received from 35
2024/10/06 13:44:19 [notice] 1#1: worker process 31 exited with code 0
2024/10/06 13:44:19 [notice] 1#1: worker process 35 exited with code 0
2024/10/06 13:44:19 [notice] 1#1: signal 29 (SIGIO) received
2024/10/06 13:44:19 [notice] 1#1: signal 17 (SIGCHLD) received from 33
2024/10/06 13:44:19 [notice] 1#1: worker process 33 exited with code 0
2024/10/06 13:44:19 [notice] 1#1: signal 29 (SIGIO) received
2024/10/06 13:44:28 [notice] 30#30: exiting
2024/10/06 13:44:28 [notice] 30#30: exit
2024/10/06 13:44:29 [notice] 1#1: signal 17 (SIGCHLD) received from 30
2024/10/06 13:44:29 [notice] 1#1: worker process 30 exited with code 0
2024/10/06 13:44:29 [notice] 1#1: exit
2024/10/06 13:44:29 [notice] 1#1: using the "epoll" event method
2024/10/06 13:44:29 [notice] 1#1: nginx/1.27.2
2024/10/06 13:44:29 [notice] 1#1: built by gcc 13.2.1 20240309 (Alpine 13.2.1_git20240309) 
2024/10/06 13:44:29 [notice] 1#1: OS: Linux 5.15.133.1-microsoft-standard-WSL2
2024/10/06 13:44:29 [notice] 1#1: getrlimit(RLIMIT_NOFILE): 1048576:1048576
2024/10/06 13:44:29 [notice] 1#1: start worker processes
2024/10/06 13:44:29 [notice] 1#1: start worker process 29
2024/10/06 13:44:29 [notice] 1#1: start worker process 30
2024/10/06 13:44:29 [notice] 1#1: start worker process 31
2024/10/06 13:44:29 [notice] 1#1: start worker process 32
2024/10/06 13:44:29 [notice] 1#1: start worker process 33
2024/10/06 13:44:29 [notice] 1#1: start worker process 34
2024/10/06 13:44:29 [notice] 1#1: start worker process 35
2024/10/06 13:44:29 [notice] 1#1: start worker process 36
2024/10/06 13:44:38 [error] 29#29: *1 open() "/usr/share/nginx/html/style.css" failed (2: No such file or directory), client: 172.20.0.1, server: localhost, request: "GET /style.css HTTP/1.1", host: "localhost", referrer: "http://localhost/"
2024/10/06 13:44:38 [error] 30#30: *2 open() "/usr/share/nginx/html/app.js" failed (2: No such file or directory), client: 172.20.0.1, server: localhost, request: "GET /app.js HTTP/1.1", host: "localhost", referrer: "http://localhost/"
2024/10/06 13:44:40 [error] 30#30: *2 open() "/usr/share/nginx/html/style.css" failed (2: No such file or directory), client: 172.20.0.1, server: localhost, request: "GET /style.css HTTP/1.1", host: "localhost", referrer: "http://localhost/"
2024/10/06 13:44:40 [error] 29#29: *1 open() "/usr/share/nginx/html/app.js" failed (2: No such file or directory), client: 172.20.0.1, server: localhost, request: "GET /app.js HTTP/1.1", host: "localhost", referrer: "http://localhost/"
2024/10/06 13:44:41 [error] 29#29: *1 open() "/usr/share/nginx/html/style.css" failed (2: No such file or directory), client: 172.20.0.1, server: localhost, request: "GET /style.css HTTP/1.1", host: "localhost", referrer: "http://localhost/index.html"
2024/10/06 13:44:41 [error] 29#29: *1 open() "/usr/share/nginx/html/app.js" failed (2: No such file or directory), client: 172.20.0.1, server: localhost, request: "GET /app.js HTTP/1.1", host: "localhost", referrer: "http://localhost/index.html"
2024/10/06 13:46:57 [error] 34#34: *6 open() "/usr/share/nginx/html/favicon.ico" failed (2: No such file or directory), client: 172.20.0.1, server: localhost, request: "GET /favicon.ico HTTP/1.1", host: "147.230.231.191"
2024/10/06 13:58:29 [notice] 1#1: signal 3 (SIGQUIT) received, shutting down
2024/10/06 13:58:29 [notice] 29#29: gracefully shutting down
2024/10/06 13:58:29 [notice] 30#30: gracefully shutting down
2024/10/06 13:58:29 [notice] 33#33: gracefully shutting down
2024/10/06 13:58:29 [notice] 32#32: gracefully shutting down
2024/10/06 13:58:29 [notice] 35#35: gracefully shutting down
2024/10/06 13:58:29 [notice] 31#31: gracefully shutting down
2024/10/06 13:58:29 [notice] 36#36: gracefully shutting down
2024/10/06 13:58:29 [notice] 34#34: gracefully shutting down
2024/10/06 13:58:29 [notice] 29#29: exiting
2024/10/06 13:58:29 [notice] 30#30: exiting
2024/10/06 13:58:29 [notice] 33#33: exiting
2024/10/06 13:58:29 [notice] 32#32: exiting
2024/10/06 13:58:29 [notice] 35#35: exiting
2024/10/06 13:58:29 [notice] 31#31: exiting
2024/10/06 13:58:29 [notice] 36#36: exiting
2024/10/06 13:58:29 [notice] 31#31: exit
2024/10/06 13:58:29 [notice] 34#34: exiting
2024/10/06 13:58:29 [notice] 29#29: exit
2024/10/06 13:58:29 [notice] 30#30: exit
2024/10/06 13:58:29 [notice] 33#33: exit
2024/10/06 13:58:29 [notice] 32#32: exit
2024/10/06 13:58:29 [notice] 35#35: exit
2024/10/06 13:58:29 [notice] 36#36: exit
2024/10/06 13:58:29 [notice] 34#34: exit
2024/10/06 13:58:29 [notice] 1#1: signal 17 (SIGCHLD) received from 30
2024/10/06 13:58:29 [notice] 1#1: worker process 30 exited with code 0
2024/10/06 13:58:29 [notice] 1#1: worker process 36 exited with code 0
2024/10/06 13:58:29 [notice] 1#1: signal 29 (SIGIO) received
2024/10/06 13:58:29 [notice] 1#1: signal 17 (SIGCHLD) received from 32
2024/10/06 13:58:29 [notice] 1#1: worker process 29 exited with code 0
2024/10/06 13:58:29 [notice] 1#1: worker process 32 exited with code 0
2024/10/06 13:58:29 [notice] 1#1: signal 29 (SIGIO) received
2024/10/06 13:58:29 [notice] 1#1: signal 17 (SIGCHLD) received from 35
2024/10/06 13:58:29 [notice] 1#1: worker process 35 exited with code 0
2024/10/06 13:58:29 [notice] 1#1: signal 29 (SIGIO) received
2024/10/06 13:58:29 [notice] 1#1: signal 17 (SIGCHLD) received from 33
2024/10/06 13:58:29 [notice] 1#1: worker process 33 exited with code 0
2024/10/06 13:58:29 [notice] 1#1: worker process 34 exited with code 0
2024/10/06 13:58:29 [notice] 1#1: signal 29 (SIGIO) received
2024/10/06 13:58:29 [notice] 1#1: signal 17 (SIGCHLD) received from 31
2024/10/06 13:58:29 [notice] 1#1: worker process 31 exited with code 0
2024/10/06 13:58:29 [notice] 1#1: exit
2024/10/06 13:58:30 [notice] 1#1: using the "epoll" event method
2024/10/06 13:58:30 [notice] 1#1: nginx/1.27.2
2024/10/06 13:58:30 [notice] 1#1: built by gcc 13.2.1 20240309 (Alpine 13.2.1_git20240309) 
2024/10/06 13:58:30 [notice] 1#1: OS: Linux 5.15.133.1-microsoft-standard-WSL2
2024/10/06 13:58:30 [notice] 1#1: getrlimit(RLIMIT_NOFILE): 1048576:1048576
2024/10/06 13:58:30 [notice] 1#1: start worker processes
2024/10/06 13:58:30 [notice] 1#1: start worker process 29
2024/10/06 13:58:30 [notice] 1#1: start worker process 30
2024/10/06 13:58:30 [notice] 1#1: start worker process 31
2024/10/06 13:58:30 [notice] 1#1: start worker process 32
2024/10/06 13:58:30 [notice] 1#1: start worker process 33
2024/10/06 13:58:30 [notice] 1#1: start worker process 34
2024/10/06 13:58:30 [notice] 1#1: start worker process 35
2024/10/06 13:58:30 [notice] 1#1: start worker process 36
2024/10/06 14:56:52 [notice] 1#1: signal 3 (SIGQUIT) received, shutting down
2024/10/06 14:56:52 [notice] 30#30: gracefully shutting down
2024/10/06 14:56:52 [notice] 31#31: gracefully shutting down
2024/10/06 14:56:52 [notice] 29#29: gracefully shutting down
2024/10/06 14:56:52 [notice] 32#32: gracefully shutting down
2024/10/06 14:56:52 [notice] 35#35: gracefully shutting down
2024/10/06 14:56:52 [notice] 31#31: exiting
2024/10/06 14:56:52 [notice] 29#29: exiting
2024/10/06 14:56:52 [notice] 33#33: gracefully shutting down
2024/10/06 14:56:52 [notice] 32#32: exiting
2024/10/06 14:56:52 [notice] 30#30: exiting
2024/10/06 14:56:52 [notice] 32#32: exit
2024/10/06 14:56:52 [notice] 34#34: gracefully shutting down
2024/10/06 14:56:52 [notice] 36#36: gracefully shutting down
2024/10/06 14:56:52 [notice] 35#35: exiting
2024/10/06 14:56:52 [notice] 29#29: exit
2024/10/06 14:56:52 [notice] 31#31: exit
2024/10/06 14:56:52 [notice] 30#30: exit
2024/10/06 14:56:52 [notice] 33#33: exiting
2024/10/06 14:56:52 [notice] 35#35: exit
2024/10/06 14:56:52 [notice] 33#33: exit
2024/10/06 14:56:52 [notice] 34#34: exiting
2024/10/06 14:56:52 [notice] 36#36: exiting
2024/10/06 14:56:52 [notice] 34#34: exit
2024/10/06 14:56:52 [notice] 36#36: exit
2024/10/06 14:56:52 [notice] 1#1: signal 17 (SIGCHLD) received from 31
2024/10/06 14:56:52 [notice] 1#1: worker process 29 exited with code 0
2024/10/06 14:56:52 [notice] 1#1: worker process 31 exited with code 0
2024/10/06 14:56:52 [notice] 1#1: worker process 32 exited with code 0
2024/10/06 14:56:52 [notice] 1#1: worker process 33 exited with code 0
2024/10/06 14:56:52 [notice] 1#1: worker process 36 exited with code 0
2024/10/06 14:56:52 [notice] 1#1: signal 29 (SIGIO) received
2024/10/06 14:56:52 [notice] 1#1: signal 17 (SIGCHLD) received from 33
2024/10/06 14:56:52 [notice] 1#1: signal 17 (SIGCHLD) received from 34
2024/10/06 14:56:52 [notice] 1#1: worker process 34 exited with code 0
2024/10/06 14:56:52 [notice] 1#1: signal 29 (SIGIO) received
2024/10/06 14:56:52 [notice] 1#1: signal 17 (SIGCHLD) received from 35
2024/10/06 14:56:52 [notice] 1#1: worker process 30 exited with code 0
2024/10/06 14:56:52 [notice] 1#1: worker process 35 exited with code 0
2024/10/06 14:56:52 [notice] 1#1: exit
2024/10/06 16:15:50 [notice] 1#1: using the "epoll" event method
2024/10/06 16:15:50 [notice] 1#1: nginx/1.27.2
2024/10/06 16:15:50 [notice] 1#1: built by gcc 13.2.1 20240309 (Alpine 13.2.1_git20240309) 
2024/10/06 16:15:50 [notice] 1#1: OS: Linux 5.15.133.1-microsoft-standard-WSL2
2024/10/06 16:15:50 [notice] 1#1: getrlimit(RLIMIT_NOFILE): 1048576:1048576
2024/10/06 16:15:50 [notice] 1#1: start worker processes
2024/10/06 16:15:50 [notice] 1#1: start worker process 29
2024/10/06 16:15:50 [notice] 1#1: start worker process 30
2024/10/06 16:15:50 [notice] 1#1: start worker process 31
2024/10/06 16:15:50 [notice] 1#1: start worker process 32
2024/10/06 16:15:50 [notice] 1#1: start worker process 33
2024/10/06 16:15:50 [notice] 1#1: start worker process 34
2024/10/06 16:15:50 [notice] 1#1: start worker process 35
2024/10/06 16:15:50 [notice] 1#1: start worker process 36
2024/10/06 16:18:34 [error] 31#31: *2 open() "/usr/share/nginx/html/cgi-bin/index.cgi" failed (2: No such file or directory), client: 172.20.0.1, server: localhost, request: "GET /cgi-bin/index.cgi HTTP/1.1", host: "147.230.231.191:80"
2024/10/06 16:29:46 [notice] 1#1: signal 3 (SIGQUIT) received, shutting down
2024/10/06 16:29:46 [notice] 29#29: gracefully shutting down
2024/10/06 16:29:46 [notice] 30#30: gracefully shutting down
2024/10/06 16:29:46 [notice] 31#31: gracefully shutting down
2024/10/06 16:29:46 [notice] 31#31: exiting
2024/10/06 16:29:46 [notice] 30#30: exiting
2024/10/06 16:29:46 [notice] 32#32: gracefully shutting down
2024/10/06 16:29:46 [notice] 33#33: gracefully shutting down
2024/10/06 16:29:46 [notice] 36#36: gracefully shutting down
2024/10/06 16:29:46 [notice] 29#29: exiting
2024/10/06 16:29:46 [notice] 35#35: gracefully shutting down
2024/10/06 16:29:46 [notice] 35#35: exiting
2024/10/06 16:29:46 [notice] 34#34: gracefully shutting down
2024/10/06 16:29:46 [notice] 34#34: exiting
2024/10/06 16:29:46 [notice] 31#31: exit
2024/10/06 16:29:46 [notice] 30#30: exit
2024/10/06 16:29:46 [notice] 32#32: exiting
2024/10/06 16:29:46 [notice] 33#33: exiting
2024/10/06 16:29:46 [notice] 36#36: exiting
2024/10/06 16:29:46 [notice] 29#29: exit
2024/10/06 16:29:46 [notice] 35#35: exit
2024/10/06 16:29:46 [notice] 34#34: exit
2024/10/06 16:29:46 [notice] 32#32: exit
2024/10/06 16:29:46 [notice] 33#33: exit
2024/10/06 16:29:46 [notice] 36#36: exit
2024/10/06 16:29:46 [notice] 1#1: signal 17 (SIGCHLD) received from 34
2024/10/06 16:29:46 [notice] 1#1: worker process 34 exited with code 0
2024/10/06 16:29:46 [notice] 1#1: signal 29 (SIGIO) received
2024/10/06 16:29:46 [notice] 1#1: signal 17 (SIGCHLD) received from 30
2024/10/06 16:29:46 [notice] 1#1: worker process 29 exited with code 0
2024/10/06 16:29:46 [notice] 1#1: worker process 30 exited with code 0
2024/10/06 16:29:46 [notice] 1#1: worker process 31 exited with code 0
2024/10/06 16:29:46 [notice] 1#1: signal 29 (SIGIO) received
2024/10/06 16:29:46 [notice] 1#1: signal 17 (SIGCHLD) received from 29
2024/10/06 16:29:46 [notice] 1#1: signal 17 (SIGCHLD) received from 33
2024/10/06 16:29:46 [notice] 1#1: worker process 33 exited with code 0
2024/10/06 16:29:46 [notice] 1#1: signal 29 (SIGIO) received
2024/10/06 16:29:46 [notice] 1#1: signal 17 (SIGCHLD) received from 32
2024/10/06 16:29:46 [notice] 1#1: worker process 32 exited with code 0
2024/10/06 16:29:46 [notice] 1#1: worker process 35 exited with code 0
2024/10/06 16:29:46 [notice] 1#1: signal 29 (SIGIO) received
2024/10/06 16:29:46 [notice] 1#1: signal 17 (SIGCHLD) received from 36
2024/10/06 16:29:46 [notice] 1#1: worker process 36 exited with code 0
2024/10/06 16:29:46 [notice] 1#1: exit
2024/10/07 07:21:52 [notice] 1#1: using the "epoll" event method
2024/10/07 07:21:52 [notice] 1#1: nginx/1.27.2
2024/10/07 07:21:52 [notice] 1#1: built by gcc 13.2.1 20240309 (Alpine 13.2.1_git20240309) 
2024/10/07 07:21:52 [notice] 1#1: OS: Linux 5.15.133.1-microsoft-standard-WSL2
2024/10/07 07:21:52 [notice] 1#1: getrlimit(RLIMIT_NOFILE): 1048576:1048576
2024/10/07 07:21:52 [notice] 1#1: start worker processes
2024/10/07 07:21:52 [notice] 1#1: start worker process 28
2024/10/07 07:21:52 [notice] 1#1: start worker process 29
2024/10/07 07:21:52 [notice] 1#1: start worker process 30
2024/10/07 07:21:52 [notice] 1#1: start worker process 31
2024/10/07 07:21:52 [notice] 1#1: start worker process 32
2024/10/07 07:21:52 [notice] 1#1: start worker process 33
2024/10/07 07:21:52 [notice] 1#1: start worker process 34
2024/10/07 07:21:52 [notice] 1#1: start worker process 35
2024/10/07 07:23:23 [notice] 1#1: signal 3 (SIGQUIT) received, shutting down
2024/10/07 07:23:23 [notice] 29#29: gracefully shutting down
2024/10/07 07:23:23 [notice] 29#29: exiting
2024/10/07 07:23:23 [notice] 32#32: gracefully shutting down
2024/10/07 07:23:23 [notice] 30#30: gracefully shutting down
2024/10/07 07:23:23 [notice] 30#30: exiting
2024/10/07 07:23:23 [notice] 35#35: gracefully shutting down
2024/10/07 07:23:23 [notice] 31#31: gracefully shutting down
2024/10/07 07:23:23 [notice] 35#35: exiting
2024/10/07 07:23:23 [notice] 34#34: gracefully shutting down
2024/10/07 07:23:23 [notice] 34#34: exiting
2024/10/07 07:23:23 [notice] 33#33: gracefully shutting down
2024/10/07 07:23:23 [notice] 34#34: exit
2024/10/07 07:23:23 [notice] 28#28: gracefully shutting down
2024/10/07 07:23:23 [notice] 32#32: exiting
2024/10/07 07:23:23 [notice] 29#29: exit
2024/10/07 07:23:23 [notice] 30#30: exit
2024/10/07 07:23:23 [notice] 31#31: exiting
2024/10/07 07:23:23 [notice] 35#35: exit
2024/10/07 07:23:23 [notice] 33#33: exiting
2024/10/07 07:23:23 [notice] 28#28: exiting
2024/10/07 07:23:23 [notice] 32#32: exit
2024/10/07 07:23:23 [notice] 31#31: exit
2024/10/07 07:23:23 [notice] 33#33: exit
2024/10/07 07:23:23 [notice] 28#28: exit
2024/10/07 07:23:24 [notice] 1#1: signal 17 (SIGCHLD) received from 34
2024/10/07 07:23:24 [notice] 1#1: worker process 29 exited with code 0
2024/10/07 07:23:24 [notice] 1#1: worker process 34 exited with code 0
2024/10/07 07:23:24 [notice] 1#1: signal 29 (SIGIO) received
2024/10/07 07:23:24 [notice] 1#1: signal 17 (SIGCHLD) received from 29
2024/10/07 07:23:24 [notice] 1#1: signal 17 (SIGCHLD) received from 32
2024/10/07 07:23:24 [notice] 1#1: worker process 28 exited with code 0
2024/10/07 07:23:24 [notice] 1#1: worker process 30 exited with code 0
2024/10/07 07:23:24 [notice] 1#1: worker process 31 exited with code 0
2024/10/07 07:23:24 [notice] 1#1: worker process 32 exited with code 0
2024/10/07 07:23:24 [notice] 1#1: signal 29 (SIGIO) received
2024/10/07 07:23:24 [notice] 1#1: signal 17 (SIGCHLD) received from 28
2024/10/07 07:23:24 [notice] 1#1: signal 17 (SIGCHLD) received from 35
2024/10/07 07:23:24 [notice] 1#1: worker process 33 exited with code 0
2024/10/07 07:23:24 [notice] 1#1: worker process 35 exited with code 0
2024/10/07 07:23:24 [notice] 1#1: exit
2024/10/07 07:23:34 [notice] 1#1: using the "epoll" event method
2024/10/07 07:23:34 [notice] 1#1: nginx/1.27.2
2024/10/07 07:23:34 [notice] 1#1: built by gcc 13.2.1 20240309 (Alpine 13.2.1_git20240309) 
2024/10/07 07:23:34 [notice] 1#1: OS: Linux 5.15.133.1-microsoft-standard-WSL2
2024/10/07 07:23:34 [notice] 1#1: getrlimit(RLIMIT_NOFILE): 1048576:1048576
2024/10/07 07:23:34 [notice] 1#1: start worker processes
2024/10/07 07:23:34 [notice] 1#1: start worker process 29
2024/10/07 07:23:34 [notice] 1#1: start worker process 30
2024/10/07 07:23:34 [notice] 1#1: start worker process 31
2024/10/07 07:23:34 [notice] 1#1: start worker process 32
2024/10/07 07:23:34 [notice] 1#1: start worker process 33
2024/10/07 07:23:34 [notice] 1#1: start worker process 34
2024/10/07 07:23:34 [notice] 1#1: start worker process 35
2024/10/07 07:23:34 [notice] 1#1: start worker process 36
2024/10/07 07:23:58 [error] 29#29: *1 open() "/usr/share/nginx/html/favicon.ico" failed (2: No such file or directory), client: 172.20.0.1, server: localhost, request: "GET /favicon.ico HTTP/1.1", host: "localhost", referrer: "http://localhost/"
2024/10/07 07:34:11 [notice] 1#1: signal 3 (SIGQUIT) received, shutting down
2024/10/07 07:34:11 [notice] 29#29: gracefully shutting down
2024/10/07 07:34:11 [notice] 30#30: gracefully shutting down
2024/10/07 07:34:11 [notice] 31#31: gracefully shutting down
2024/10/07 07:34:11 [notice] 33#33: gracefully shutting down
2024/10/07 07:34:11 [notice] 34#34: gracefully shutting down
2024/10/07 07:34:11 [notice] 35#35: gracefully shutting down
2024/10/07 07:34:11 [notice] 36#36: gracefully shutting down
2024/10/07 07:34:11 [notice] 32#32: gracefully shutting down
2024/10/07 07:34:11 [notice] 29#29: exiting
2024/10/07 07:34:11 [notice] 30#30: exiting
2024/10/07 07:34:11 [notice] 31#31: exiting
2024/10/07 07:34:11 [notice] 33#33: exiting
2024/10/07 07:34:11 [notice] 34#34: exiting
2024/10/07 07:34:11 [notice] 35#35: exiting
2024/10/07 07:34:11 [notice] 36#36: exiting
2024/10/07 07:34:11 [notice] 32#32: exiting
2024/10/07 07:34:11 [notice] 29#29: exit
2024/10/07 07:34:11 [notice] 30#30: exit
2024/10/07 07:34:11 [notice] 31#31: exit
2024/10/07 07:34:11 [notice] 33#33: exit
2024/10/07 07:34:11 [notice] 34#34: exit
2024/10/07 07:34:11 [notice] 35#35: exit
2024/10/07 07:34:11 [notice] 36#36: exit
2024/10/07 07:34:11 [notice] 32#32: exit
2024/10/07 07:34:12 [notice] 1#1: signal 17 (SIGCHLD) received from 33
2024/10/07 07:34:12 [notice] 1#1: worker process 29 exited with code 0
2024/10/07 07:34:12 [notice] 1#1: worker process 33 exited with code 0
2024/10/07 07:34:12 [notice] 1#1: worker process 34 exited with code 0
2024/10/07 07:34:12 [notice] 1#1: signal 29 (SIGIO) received
2024/10/07 07:34:12 [notice] 1#1: signal 17 (SIGCHLD) received from 36
2024/10/07 07:34:12 [notice] 1#1: worker process 36 exited with code 0
2024/10/07 07:34:12 [notice] 1#1: signal 29 (SIGIO) received
2024/10/07 07:34:12 [notice] 1#1: signal 17 (SIGCHLD) received from 32
2024/10/07 07:34:12 [notice] 1#1: worker process 32 exited with code 0
2024/10/07 07:34:12 [notice] 1#1: signal 29 (SIGIO) received
2024/10/07 07:34:12 [notice] 1#1: signal 17 (SIGCHLD) received from 30
2024/10/07 07:34:12 [notice] 1#1: worker process 30 exited with code 0
2024/10/07 07:34:12 [notice] 1#1: worker process 35 exited with code 0
2024/10/07 07:34:12 [notice] 1#1: signal 29 (SIGIO) received
2024/10/07 07:34:12 [notice] 1#1: signal 17 (SIGCHLD) received from 31
2024/10/07 07:34:12 [notice] 1#1: worker process 31 exited with code 0
2024/10/07 07:34:12 [notice] 1#1: exit
2024/10/07 07:34:22 [notice] 1#1: using the "epoll" event method
2024/10/07 07:34:22 [notice] 1#1: nginx/1.27.2
2024/10/07 07:34:22 [notice] 1#1: built by gcc 13.2.1 20240309 (Alpine 13.2.1_git20240309) 
2024/10/07 07:34:22 [notice] 1#1: OS: Linux 5.15.133.1-microsoft-standard-WSL2
2024/10/07 07:34:22 [notice] 1#1: getrlimit(RLIMIT_NOFILE): 1048576:1048576
2024/10/07 07:34:22 [notice] 1#1: start worker processes
2024/10/07 07:34:22 [notice] 1#1: start worker process 29
2024/10/07 07:34:22 [notice] 1#1: start worker process 30
2024/10/07 07:34:22 [notice] 1#1: start worker process 31
2024/10/07 07:34:22 [notice] 1#1: start worker process 32
2024/10/07 07:34:22 [notice] 1#1: start worker process 33
2024/10/07 07:34:22 [notice] 1#1: start worker process 34
2024/10/07 07:34:22 [notice] 1#1: start worker process 35
2024/10/07 07:34:22 [notice] 1#1: start worker process 36
2024/10/07 07:34:57 [notice] 1#1: signal 3 (SIGQUIT) received, shutting down
2024/10/07 07:34:57 [notice] 29#29: gracefully shutting down
2024/10/07 07:34:57 [notice] 31#31: gracefully shutting down
2024/10/07 07:34:57 [notice] 30#30: gracefully shutting down
2024/10/07 07:34:57 [notice] 33#33: gracefully shutting down
2024/10/07 07:34:57 [notice] 34#34: gracefully shutting down
2024/10/07 07:34:57 [notice] 36#36: gracefully shutting down
2024/10/07 07:34:57 [notice] 35#35: gracefully shutting down
2024/10/07 07:34:57 [notice] 32#32: gracefully shutting down
2024/10/07 07:34:57 [notice] 29#29: exiting
2024/10/07 07:34:57 [notice] 31#31: exiting
2024/10/07 07:34:57 [notice] 30#30: exiting
2024/10/07 07:34:57 [notice] 33#33: exiting
2024/10/07 07:34:57 [notice] 34#34: exiting
2024/10/07 07:34:57 [notice] 36#36: exiting
2024/10/07 07:34:57 [notice] 35#35: exiting
2024/10/07 07:34:57 [notice] 32#32: exiting
2024/10/07 07:34:57 [notice] 29#29: exit
2024/10/07 07:34:57 [notice] 31#31: exit
2024/10/07 07:34:57 [notice] 30#30: exit
2024/10/07 07:34:57 [notice] 33#33: exit
2024/10/07 07:34:57 [notice] 34#34: exit
2024/10/07 07:34:57 [notice] 36#36: exit
2024/10/07 07:34:57 [notice] 35#35: exit
2024/10/07 07:34:57 [notice] 32#32: exit
2024/10/07 07:34:57 [notice] 1#1: signal 17 (SIGCHLD) received from 34
2024/10/07 07:34:57 [notice] 1#1: worker process 29 exited with code 0
2024/10/07 07:34:57 [notice] 1#1: worker process 30 exited with code 0
2024/10/07 07:34:57 [notice] 1#1: worker process 31 exited with code 0
2024/10/07 07:34:57 [notice] 1#1: worker process 34 exited with code 0
2024/10/07 07:34:57 [notice] 1#1: signal 29 (SIGIO) received
2024/10/07 07:34:57 [notice] 1#1: signal 17 (SIGCHLD) received from 31
2024/10/07 07:34:57 [notice] 1#1: signal 17 (SIGCHLD) received from 36
2024/10/07 07:34:57 [notice] 1#1: worker process 32 exited with code 0
2024/10/07 07:34:57 [notice] 1#1: worker process 33 exited with code 0
2024/10/07 07:34:57 [notice] 1#1: worker process 36 exited with code 0
2024/10/07 07:34:57 [notice] 1#1: signal 29 (SIGIO) received
2024/10/07 07:34:57 [notice] 1#1: signal 17 (SIGCHLD) received from 33
2024/10/07 07:34:57 [notice] 1#1: signal 17 (SIGCHLD) received from 35
2024/10/07 07:34:57 [notice] 1#1: worker process 35 exited with code 0
2024/10/07 07:34:57 [notice] 1#1: exit
2024/10/07 07:35:08 [notice] 1#1: using the "epoll" event method
2024/10/07 07:35:08 [notice] 1#1: nginx/1.27.2
2024/10/07 07:35:08 [notice] 1#1: built by gcc 13.2.1 20240309 (Alpine 13.2.1_git20240309) 
2024/10/07 07:35:08 [notice] 1#1: OS: Linux 5.15.133.1-microsoft-standard-WSL2
2024/10/07 07:35:08 [notice] 1#1: getrlimit(RLIMIT_NOFILE): 1048576:1048576
2024/10/07 07:35:08 [notice] 1#1: start worker processes
2024/10/07 07:35:08 [notice] 1#1: start worker process 29
2024/10/07 07:35:08 [notice] 1#1: start worker process 30
2024/10/07 07:35:08 [notice] 1#1: start worker process 31
2024/10/07 07:35:08 [notice] 1#1: start worker process 32
2024/10/07 07:35:08 [notice] 1#1: start worker process 33
2024/10/07 07:35:08 [notice] 1#1: start worker process 34
2024/10/07 07:35:08 [notice] 1#1: start worker process 35
2024/10/07 07:35:08 [notice] 1#1: start worker process 36
2024/10/07 07:42:46 [notice] 1#1: signal 3 (SIGQUIT) received, shutting down
2024/10/07 07:42:46 [notice] 29#29: gracefully shutting down
2024/10/07 07:42:46 [notice] 33#33: gracefully shutting down
2024/10/07 07:42:46 [notice] 33#33: exiting
2024/10/07 07:42:46 [notice] 32#32: gracefully shutting down
2024/10/07 07:42:46 [notice] 32#32: exiting
2024/10/07 07:42:46 [notice] 34#34: gracefully shutting down
2024/10/07 07:42:46 [notice] 34#34: exiting
2024/10/07 07:42:46 [notice] 30#30: gracefully shutting down
2024/10/07 07:42:46 [notice] 30#30: exiting
2024/10/07 07:42:46 [notice] 35#35: gracefully shutting down
2024/10/07 07:42:46 [notice] 35#35: exiting
2024/10/07 07:42:46 [notice] 36#36: gracefully shutting down
2024/10/07 07:42:46 [notice] 31#31: gracefully shutting down
2024/10/07 07:42:46 [notice] 29#29: exiting
2024/10/07 07:42:46 [notice] 33#33: exit
2024/10/07 07:42:46 [notice] 32#32: exit
2024/10/07 07:42:46 [notice] 34#34: exit
2024/10/07 07:42:46 [notice] 30#30: exit
2024/10/07 07:42:46 [notice] 35#35: exit
2024/10/07 07:42:46 [notice] 36#36: exiting
2024/10/07 07:42:46 [notice] 31#31: exiting
2024/10/07 07:42:46 [notice] 29#29: exit
2024/10/07 07:42:46 [notice] 31#31: exit
2024/10/07 07:42:46 [notice] 36#36: exit
2024/10/07 07:42:46 [notice] 1#1: signal 17 (SIGCHLD) received from 34
2024/10/07 07:42:46 [notice] 1#1: worker process 33 exited with code 0
2024/10/07 07:42:46 [notice] 1#1: worker process 34 exited with code 0
2024/10/07 07:42:46 [notice] 1#1: signal 29 (SIGIO) received
2024/10/07 07:42:46 [notice] 1#1: signal 17 (SIGCHLD) received from 31
2024/10/07 07:42:46 [notice] 1#1: worker process 30 exited with code 0
2024/10/07 07:42:46 [notice] 1#1: worker process 31 exited with code 0
2024/10/07 07:42:46 [notice] 1#1: worker process 32 exited with code 0
2024/10/07 07:42:46 [notice] 1#1: worker process 35 exited with code 0
2024/10/07 07:42:46 [notice] 1#1: signal 29 (SIGIO) received
2024/10/07 07:42:46 [notice] 1#1: signal 17 (SIGCHLD) received from 32
2024/10/07 07:42:46 [notice] 1#1: signal 17 (SIGCHLD) received from 36
2024/10/07 07:42:46 [notice] 1#1: worker process 36 exited with code 0
2024/10/07 07:42:46 [notice] 1#1: signal 29 (SIGIO) received
2024/10/07 07:42:46 [notice] 1#1: signal 17 (SIGCHLD) received from 29
2024/10/07 07:42:46 [notice] 1#1: worker process 29 exited with code 0
2024/10/07 07:42:46 [notice] 1#1: exit
2024/10/07 07:42:57 [notice] 1#1: using the "epoll" event method
2024/10/07 07:42:57 [notice] 1#1: nginx/1.27.2
2024/10/07 07:42:57 [notice] 1#1: built by gcc 13.2.1 20240309 (Alpine 13.2.1_git20240309) 
2024/10/07 07:42:57 [notice] 1#1: OS: Linux 5.15.133.1-microsoft-standard-WSL2
2024/10/07 07:42:57 [notice] 1#1: getrlimit(RLIMIT_NOFILE): 1048576:1048576
2024/10/07 07:42:57 [notice] 1#1: start worker processes
2024/10/07 07:42:57 [notice] 1#1: start worker process 29
2024/10/07 07:42:57 [notice] 1#1: start worker process 30
2024/10/07 07:42:57 [notice] 1#1: start worker process 31
2024/10/07 07:42:57 [notice] 1#1: start worker process 32
2024/10/07 07:42:57 [notice] 1#1: start worker process 33
2024/10/07 07:42:57 [notice] 1#1: start worker process 34
2024/10/07 07:42:57 [notice] 1#1: start worker process 35
2024/10/07 07:42:57 [notice] 1#1: start worker process 36
2024/10/07 07:53:24 [notice] 1#1: signal 3 (SIGQUIT) received, shutting down
2024/10/07 07:53:24 [notice] 29#29: gracefully shutting down
2024/10/07 07:53:24 [notice] 36#36: gracefully shutting down
2024/10/07 07:53:24 [notice] 30#30: gracefully shutting down
2024/10/07 07:53:24 [notice] 32#32: gracefully shutting down
2024/10/07 07:53:24 [notice] 33#33: gracefully shutting down
2024/10/07 07:53:24 [notice] 31#31: gracefully shutting down
2024/10/07 07:53:24 [notice] 31#31: exiting
2024/10/07 07:53:24 [notice] 35#35: gracefully shutting down
2024/10/07 07:53:24 [notice] 34#34: gracefully shutting down
2024/10/07 07:53:24 [notice] 29#29: exiting
2024/10/07 07:53:24 [notice] 36#36: exiting
2024/10/07 07:53:24 [notice] 30#30: exiting
2024/10/07 07:53:24 [notice] 32#32: exiting
2024/10/07 07:53:24 [notice] 33#33: exiting
2024/10/07 07:53:24 [notice] 31#31: exit
2024/10/07 07:53:24 [notice] 35#35: exiting
2024/10/07 07:53:24 [notice] 34#34: exiting
2024/10/07 07:53:24 [notice] 34#34: exit
2024/10/07 07:53:24 [notice] 29#29: exit
2024/10/07 07:53:24 [notice] 36#36: exit
2024/10/07 07:53:24 [notice] 30#30: exit
2024/10/07 07:53:24 [notice] 32#32: exit
2024/10/07 07:53:24 [notice] 33#33: exit
2024/10/07 07:53:24 [notice] 35#35: exit
2024/10/07 07:53:24 [notice] 1#1: signal 17 (SIGCHLD) received from 29
2024/10/07 07:53:24 [notice] 1#1: worker process 29 exited with code 0
2024/10/07 07:53:24 [notice] 1#1: worker process 35 exited with code 0
2024/10/07 07:53:24 [notice] 1#1: worker process 36 exited with code 0
2024/10/07 07:53:24 [notice] 1#1: signal 29 (SIGIO) received
2024/10/07 07:53:24 [notice] 1#1: signal 17 (SIGCHLD) received from 34
2024/10/07 07:53:24 [notice] 1#1: worker process 30 exited with code 0
2024/10/07 07:53:24 [notice] 1#1: worker process 33 exited with code 0
2024/10/07 07:53:24 [notice] 1#1: worker process 34 exited with code 0
2024/10/07 07:53:24 [notice] 1#1: signal 29 (SIGIO) received
2024/10/07 07:53:24 [notice] 1#1: signal 17 (SIGCHLD) received from 31
2024/10/07 07:53:24 [notice] 1#1: worker process 31 exited with code 0
2024/10/07 07:53:24 [notice] 1#1: worker process 32 exited with code 0
2024/10/07 07:53:24 [notice] 1#1: exit
2024/10/08 12:26:41 [notice] 1#1: using the "epoll" event method
2024/10/08 12:26:41 [notice] 1#1: nginx/1.27.2
2024/10/08 12:26:41 [notice] 1#1: built by gcc 13.2.1 20240309 (Alpine 13.2.1_git20240309) 
2024/10/08 12:26:41 [notice] 1#1: OS: Linux 5.15.133.1-microsoft-standard-WSL2
2024/10/08 12:26:41 [notice] 1#1: getrlimit(RLIMIT_NOFILE): 1048576:1048576
2024/10/08 12:26:41 [notice] 1#1: start worker processes
2024/10/08 12:26:41 [notice] 1#1: start worker process 29
2024/10/08 12:26:41 [notice] 1#1: start worker process 30
2024/10/08 12:26:41 [notice] 1#1: start worker process 31
2024/10/08 12:26:41 [notice] 1#1: start worker process 32
2024/10/08 12:26:41 [notice] 1#1: start worker process 33
2024/10/08 12:26:41 [notice] 1#1: start worker process 34
2024/10/08 12:26:41 [notice] 1#1: start worker process 35
2024/10/08 12:26:41 [notice] 1#1: start worker process 36
2024/10/08 12:28:10 [notice] 1#1: signal 3 (SIGQUIT) received, shutting down
2024/10/08 12:28:10 [notice] 30#30: gracefully shutting down
2024/10/08 12:28:10 [notice] 29#29: gracefully shutting down
2024/10/08 12:28:10 [notice] 31#31: gracefully shutting down
2024/10/08 12:28:10 [notice] 32#32: gracefully shutting down
2024/10/08 12:28:10 [notice] 35#35: gracefully shutting down
2024/10/08 12:28:10 [notice] 34#34: gracefully shutting down
2024/10/08 12:28:10 [notice] 33#33: gracefully shutting down
2024/10/08 12:28:10 [notice] 36#36: gracefully shutting down
2024/10/08 12:28:10 [notice] 29#29: exiting
2024/10/08 12:28:10 [notice] 31#31: exiting
2024/10/08 12:28:10 [notice] 32#32: exiting
2024/10/08 12:28:10 [notice] 31#31: exit
2024/10/08 12:28:10 [notice] 35#35: exiting
2024/10/08 12:28:10 [notice] 30#30: exiting
2024/10/08 12:28:10 [notice] 34#34: exiting
2024/10/08 12:28:10 [notice] 33#33: exiting
2024/10/08 12:28:10 [notice] 36#36: exiting
2024/10/08 12:28:10 [notice] 29#29: exit
2024/10/08 12:28:10 [notice] 32#32: exit
2024/10/08 12:28:10 [notice] 35#35: exit
2024/10/08 12:28:10 [notice] 30#30: exit
2024/10/08 12:28:10 [notice] 34#34: exit
2024/10/08 12:28:10 [notice] 33#33: exit
2024/10/08 12:28:10 [notice] 36#36: exit
2024/10/08 12:28:10 [notice] 1#1: signal 17 (SIGCHLD) received from 30
2024/10/08 12:28:10 [notice] 1#1: worker process 30 exited with code 0
2024/10/08 12:28:10 [notice] 1#1: worker process 31 exited with code 0
2024/10/08 12:28:10 [notice] 1#1: worker process 34 exited with code 0
2024/10/08 12:28:10 [notice] 1#1: worker process 35 exited with code 0
2024/10/08 12:28:10 [notice] 1#1: signal 29 (SIGIO) received
2024/10/08 12:28:10 [notice] 1#1: signal 17 (SIGCHLD) received from 33
2024/10/08 12:28:10 [notice] 1#1: worker process 33 exited with code 0
2024/10/08 12:28:10 [notice] 1#1: signal 29 (SIGIO) received
2024/10/08 12:28:10 [notice] 1#1: signal 17 (SIGCHLD) received from 29
2024/10/08 12:28:10 [notice] 1#1: worker process 29 exited with code 0
2024/10/08 12:28:10 [notice] 1#1: signal 29 (SIGIO) received
2024/10/08 12:28:10 [notice] 1#1: signal 17 (SIGCHLD) received from 36
2024/10/08 12:28:10 [notice] 1#1: worker process 32 exited with code 0
2024/10/08 12:28:10 [notice] 1#1: worker process 36 exited with code 0
2024/10/08 12:28:10 [notice] 1#1: exit
2024/10/08 12:28:21 [notice] 1#1: using the "epoll" event method
2024/10/08 12:28:21 [notice] 1#1: nginx/1.27.2
2024/10/08 12:28:21 [notice] 1#1: built by gcc 13.2.1 20240309 (Alpine 13.2.1_git20240309) 
2024/10/08 12:28:21 [notice] 1#1: OS: Linux 5.15.133.1-microsoft-standard-WSL2
2024/10/08 12:28:21 [notice] 1#1: getrlimit(RLIMIT_NOFILE): 1048576:1048576
2024/10/08 12:28:21 [notice] 1#1: start worker processes
2024/10/08 12:28:21 [notice] 1#1: start worker process 29
2024/10/08 12:28:21 [notice] 1#1: start worker process 30
2024/10/08 12:28:21 [notice] 1#1: start worker process 31
2024/10/08 12:28:21 [notice] 1#1: start worker process 32
2024/10/08 12:28:21 [notice] 1#1: start worker process 33
2024/10/08 12:28:21 [notice] 1#1: start worker process 34
2024/10/08 12:28:21 [notice] 1#1: start worker process 35
2024/10/08 12:28:21 [notice] 1#1: start worker process 36
2024/10/08 12:30:41 [notice] 1#1: signal 3 (SIGQUIT) received, shutting down
2024/10/08 12:30:41 [notice] 29#29: gracefully shutting down
2024/10/08 12:30:41 [notice] 31#31: gracefully shutting down
2024/10/08 12:30:41 [notice] 33#33: gracefully shutting down
2024/10/08 12:30:41 [notice] 34#34: gracefully shutting down
2024/10/08 12:30:41 [notice] 35#35: gracefully shutting down
2024/10/08 12:30:41 [notice] 36#36: gracefully shutting down
2024/10/08 12:30:41 [notice] 32#32: gracefully shutting down
2024/10/08 12:30:41 [notice] 30#30: gracefully shutting down
2024/10/08 12:30:41 [notice] 30#30: exiting
2024/10/08 12:30:41 [notice] 29#29: exiting
2024/10/08 12:30:41 [notice] 31#31: exiting
2024/10/08 12:30:41 [notice] 29#29: exit
2024/10/08 12:30:41 [notice] 33#33: exiting
2024/10/08 12:30:41 [notice] 33#33: exit
2024/10/08 12:30:41 [notice] 34#34: exiting
2024/10/08 12:30:41 [notice] 35#35: exiting
2024/10/08 12:30:41 [notice] 36#36: exiting
2024/10/08 12:30:41 [notice] 32#32: exiting
2024/10/08 12:30:41 [notice] 30#30: exit
2024/10/08 12:30:41 [notice] 31#31: exit
2024/10/08 12:30:41 [notice] 34#34: exit
2024/10/08 12:30:41 [notice] 35#35: exit
2024/10/08 12:30:41 [notice] 36#36: exit
2024/10/08 12:30:41 [notice] 32#32: exit
2024/10/08 12:30:41 [notice] 1#1: signal 17 (SIGCHLD) received from 34
2024/10/08 12:30:41 [notice] 1#1: worker process 30 exited with code 0
2024/10/08 12:30:41 [notice] 1#1: worker process 31 exited with code 0
2024/10/08 12:30:41 [notice] 1#1: worker process 32 exited with code 0
2024/10/08 12:30:41 [notice] 1#1: worker process 34 exited with code 0
2024/10/08 12:30:41 [notice] 1#1: worker process 36 exited with code 0
2024/10/08 12:30:41 [notice] 1#1: signal 29 (SIGIO) received
2024/10/08 12:30:41 [notice] 1#1: signal 17 (SIGCHLD) received from 32
2024/10/08 12:30:41 [notice] 1#1: signal 17 (SIGCHLD) received from 29
2024/10/08 12:30:41 [notice] 1#1: worker process 29 exited with code 0
2024/10/08 12:30:41 [notice] 1#1: signal 29 (SIGIO) received
2024/10/08 12:30:41 [notice] 1#1: signal 17 (SIGCHLD) received from 35
2024/10/08 12:30:41 [notice] 1#1: worker process 35 exited with code 0
2024/10/08 12:30:41 [notice] 1#1: signal 29 (SIGIO) received
2024/10/08 12:30:41 [notice] 1#1: signal 17 (SIGCHLD) received from 33
2024/10/08 12:30:41 [notice] 1#1: worker process 33 exited with code 0
2024/10/08 12:30:41 [notice] 1#1: exit
2024/10/08 12:30:52 [notice] 1#1: using the "epoll" event method
2024/10/08 12:30:52 [notice] 1#1: nginx/1.27.2
2024/10/08 12:30:52 [notice] 1#1: built by gcc 13.2.1 20240309 (Alpine 13.2.1_git20240309) 
2024/10/08 12:30:52 [notice] 1#1: OS: Linux 5.15.133.1-microsoft-standard-WSL2
2024/10/08 12:30:52 [notice] 1#1: getrlimit(RLIMIT_NOFILE): 1048576:1048576
2024/10/08 12:30:52 [notice] 1#1: start worker processes
2024/10/08 12:30:52 [notice] 1#1: start worker process 29
2024/10/08 12:30:52 [notice] 1#1: start worker process 30
2024/10/08 12:30:52 [notice] 1#1: start worker process 31
2024/10/08 12:30:52 [notice] 1#1: start worker process 32
2024/10/08 12:30:52 [notice] 1#1: start worker process 33
2024/10/08 12:30:52 [notice] 1#1: start worker process 34
2024/10/08 12:30:52 [notice] 1#1: start worker process 35
2024/10/08 12:30:52 [notice] 1#1: start worker process 36
2024/10/08 12:31:08 [error] 30#30: *2 open() "/usr/share/nginx/html/favicon.ico" failed (2: No such file or directory), client: 172.20.0.1, server: localhost, request: "GET /favicon.ico HTTP/1.1", host: "localhost", referrer: "http://localhost/"
2024/10/08 12:37:53 [notice] 1#1: signal 3 (SIGQUIT) received, shutting down
2024/10/08 12:37:53 [notice] 30#30: gracefully shutting down
2024/10/08 12:37:53 [notice] 29#29: gracefully shutting down
2024/10/08 12:37:53 [notice] 31#31: gracefully shutting down
2024/10/08 12:37:53 [notice] 33#33: gracefully shutting down
2024/10/08 12:37:53 [notice] 36#36: gracefully shutting down
2024/10/08 12:37:53 [notice] 32#32: gracefully shutting down
2024/10/08 12:37:53 [notice] 35#35: gracefully shutting down
2024/10/08 12:37:53 [notice] 34#34: gracefully shutting down
2024/10/08 12:37:53 [notice] 30#30: exiting
2024/10/08 12:37:53 [notice] 31#31: exiting
2024/10/08 12:37:53 [notice] 33#33: exiting
2024/10/08 12:37:53 [notice] 36#36: exiting
2024/10/08 12:37:53 [notice] 29#29: exiting
2024/10/08 12:37:53 [notice] 32#32: exiting
2024/10/08 12:37:53 [notice] 35#35: exiting
2024/10/08 12:37:53 [notice] 34#34: exiting
2024/10/08 12:37:53 [notice] 30#30: exit
2024/10/08 12:37:53 [notice] 31#31: exit
2024/10/08 12:37:53 [notice] 33#33: exit
2024/10/08 12:37:53 [notice] 36#36: exit
2024/10/08 12:37:53 [notice] 29#29: exit
2024/10/08 12:37:53 [notice] 32#32: exit
2024/10/08 12:37:53 [notice] 35#35: exit
2024/10/08 12:37:53 [notice] 34#34: exit
2024/10/08 12:37:53 [notice] 1#1: signal 17 (SIGCHLD) received from 35
2024/10/08 12:37:53 [notice] 1#1: worker process 33 exited with code 0
2024/10/08 12:37:53 [notice] 1#1: worker process 34 exited with code 0
2024/10/08 12:37:53 [notice] 1#1: worker process 35 exited with code 0
2024/10/08 12:37:53 [notice] 1#1: signal 29 (SIGIO) received
2024/10/08 12:37:53 [notice] 1#1: signal 17 (SIGCHLD) received from 34
2024/10/08 12:37:53 [notice] 1#1: signal 17 (SIGCHLD) received from 31
2024/10/08 12:37:53 [notice] 1#1: worker process 31 exited with code 0
2024/10/08 12:37:53 [notice] 1#1: signal 29 (SIGIO) received
2024/10/08 12:37:53 [notice] 1#1: signal 17 (SIGCHLD) received from 32
2024/10/08 12:37:53 [notice] 1#1: worker process 29 exited with code 0
2024/10/08 12:37:53 [notice] 1#1: worker process 30 exited with code 0
2024/10/08 12:37:53 [notice] 1#1: worker process 32 exited with code 0
2024/10/08 12:37:53 [notice] 1#1: worker process 36 exited with code 0
2024/10/08 12:37:53 [notice] 1#1: exit
2024/10/08 12:38:04 [notice] 1#1: using the "epoll" event method
2024/10/08 12:38:04 [notice] 1#1: nginx/1.27.2
2024/10/08 12:38:04 [notice] 1#1: built by gcc 13.2.1 20240309 (Alpine 13.2.1_git20240309) 
2024/10/08 12:38:04 [notice] 1#1: OS: Linux 5.15.133.1-microsoft-standard-WSL2
2024/10/08 12:38:04 [notice] 1#1: getrlimit(RLIMIT_NOFILE): 1048576:1048576
2024/10/08 12:38:04 [notice] 1#1: start worker processes
2024/10/08 12:38:04 [notice] 1#1: start worker process 29
2024/10/08 12:38:04 [notice] 1#1: start worker process 30
2024/10/08 12:38:04 [notice] 1#1: start worker process 31
2024/10/08 12:38:04 [notice] 1#1: start worker process 32
2024/10/08 12:38:04 [notice] 1#1: start worker process 33
2024/10/08 12:38:04 [notice] 1#1: start worker process 34
2024/10/08 12:38:04 [notice] 1#1: start worker process 35
2024/10/08 12:38:04 [notice] 1#1: start worker process 36
2024/10/08 12:38:10 [error] 29#29: *1 open() "/usr/share/nginx/html/favicon.ico" failed (2: No such file or directory), client: 172.20.0.1, server: localhost, request: "GET /favicon.ico HTTP/1.1", host: "localhost:3009", referrer: "http://localhost:3009/"
2024/10/08 12:41:40 [notice] 1#1: signal 3 (SIGQUIT) received, shutting down
2024/10/08 12:41:40 [notice] 31#31: gracefully shutting down
2024/10/08 12:41:40 [notice] 32#32: gracefully shutting down
2024/10/08 12:41:40 [notice] 32#32: exiting
2024/10/08 12:41:40 [notice] 33#33: gracefully shutting down
2024/10/08 12:41:40 [notice] 35#35: gracefully shutting down
2024/10/08 12:41:40 [notice] 36#36: gracefully shutting down
2024/10/08 12:41:40 [notice] 34#34: gracefully shutting down
2024/10/08 12:41:40 [notice] 31#31: exiting
2024/10/08 12:41:40 [notice] 30#30: gracefully shutting down
2024/10/08 12:41:40 [notice] 29#29: gracefully shutting down
2024/10/08 12:41:40 [notice] 32#32: exit
2024/10/08 12:41:40 [notice] 35#35: exiting
2024/10/08 12:41:40 [notice] 33#33: exiting
2024/10/08 12:41:40 [notice] 33#33: exit
2024/10/08 12:41:40 [notice] 29#29: exiting
2024/10/08 12:41:40 [notice] 36#36: exiting
2024/10/08 12:41:40 [notice] 31#31: exit
2024/10/08 12:41:40 [notice] 34#34: exiting
2024/10/08 12:41:40 [notice] 30#30: exiting
2024/10/08 12:41:40 [notice] 30#30: exit
2024/10/08 12:41:40 [notice] 35#35: exit
2024/10/08 12:41:40 [notice] 29#29: exit
2024/10/08 12:41:40 [notice] 36#36: exit
2024/10/08 12:41:40 [notice] 34#34: exit
2024/10/08 12:41:40 [notice] 1#1: signal 17 (SIGCHLD) received from 33
2024/10/08 12:41:40 [notice] 1#1: worker process 33 exited with code 0
2024/10/08 12:41:40 [notice] 1#1: signal 29 (SIGIO) received
2024/10/08 12:41:40 [notice] 1#1: signal 17 (SIGCHLD) received from 32
2024/10/08 12:41:40 [notice] 1#1: worker process 29 exited with code 0
2024/10/08 12:41:40 [notice] 1#1: worker process 30 exited with code 0
2024/10/08 12:41:40 [notice] 1#1: worker process 31 exited with code 0
2024/10/08 12:41:40 [notice] 1#1: worker process 32 exited with code 0
2024/10/08 12:41:40 [notice] 1#1: worker process 34 exited with code 0
2024/10/08 12:41:40 [notice] 1#1: signal 29 (SIGIO) received
2024/10/08 12:41:40 [notice] 1#1: signal 17 (SIGCHLD) received from 34
2024/10/08 12:41:40 [notice] 1#1: signal 17 (SIGCHLD) received from 36
2024/10/08 12:41:40 [notice] 1#1: worker process 36 exited with code 0
2024/10/08 12:41:40 [notice] 1#1: signal 29 (SIGIO) received
2024/10/08 12:41:40 [notice] 1#1: signal 17 (SIGCHLD) received from 35
2024/10/08 12:41:40 [notice] 1#1: worker process 35 exited with code 0
2024/10/08 12:41:40 [notice] 1#1: exit
2024/10/08 12:41:52 [notice] 1#1: using the "epoll" event method
2024/10/08 12:41:52 [notice] 1#1: nginx/1.27.2
2024/10/08 12:41:52 [notice] 1#1: built by gcc 13.2.1 20240309 (Alpine 13.2.1_git20240309) 
2024/10/08 12:41:52 [notice] 1#1: OS: Linux 5.15.133.1-microsoft-standard-WSL2
2024/10/08 12:41:52 [notice] 1#1: getrlimit(RLIMIT_NOFILE): 1048576:1048576
2024/10/08 12:41:52 [notice] 1#1: start worker processes
2024/10/08 12:41:52 [notice] 1#1: start worker process 29
2024/10/08 12:41:52 [notice] 1#1: start worker process 30
2024/10/08 12:41:52 [notice] 1#1: start worker process 31
2024/10/08 12:41:52 [notice] 1#1: start worker process 32
2024/10/08 12:41:52 [notice] 1#1: start worker process 33
2024/10/08 12:41:52 [notice] 1#1: start worker process 34
2024/10/08 12:41:52 [notice] 1#1: start worker process 35
2024/10/08 12:41:52 [notice] 1#1: start worker process 36
2024/10/08 12:43:23 [notice] 1#1: signal 3 (SIGQUIT) received, shutting down
2024/10/08 12:43:23 [notice] 29#29: gracefully shutting down
2024/10/08 12:43:23 [notice] 34#34: gracefully shutting down
2024/10/08 12:43:23 [notice] 30#30: gracefully shutting down
2024/10/08 12:43:23 [notice] 33#33: gracefully shutting down
2024/10/08 12:43:23 [notice] 36#36: gracefully shutting down
2024/10/08 12:43:23 [notice] 32#32: gracefully shutting down
2024/10/08 12:43:23 [notice] 31#31: gracefully shutting down
2024/10/08 12:43:23 [notice] 35#35: gracefully shutting down
2024/10/08 12:43:23 [notice] 35#35: exiting
2024/10/08 12:43:23 [notice] 29#29: exiting
2024/10/08 12:43:23 [notice] 29#29: exit
2024/10/08 12:43:23 [notice] 34#34: exiting
2024/10/08 12:43:23 [notice] 30#30: exiting
2024/10/08 12:43:23 [notice] 33#33: exiting
2024/10/08 12:43:23 [notice] 36#36: exiting
2024/10/08 12:43:23 [notice] 36#36: exit
2024/10/08 12:43:23 [notice] 32#32: exiting
2024/10/08 12:43:23 [notice] 32#32: exit
2024/10/08 12:43:23 [notice] 31#31: exiting
2024/10/08 12:43:23 [notice] 35#35: exit
2024/10/08 12:43:23 [notice] 31#31: exit
2024/10/08 12:43:23 [notice] 30#30: exit
2024/10/08 12:43:23 [notice] 34#34: exit
2024/10/08 12:43:23 [notice] 33#33: exit
2024/10/08 12:43:23 [notice] 1#1: signal 17 (SIGCHLD) received from 36
2024/10/08 12:43:23 [notice] 1#1: worker process 29 exited with code 0
2024/10/08 12:43:23 [notice] 1#1: worker process 32 exited with code 0
2024/10/08 12:43:23 [notice] 1#1: worker process 36 exited with code 0
2024/10/08 12:43:23 [notice] 1#1: signal 29 (SIGIO) received
2024/10/08 12:43:23 [notice] 1#1: signal 17 (SIGCHLD) received from 31
2024/10/08 12:43:23 [notice] 1#1: worker process 31 exited with code 0
2024/10/08 12:43:23 [notice] 1#1: worker process 33 exited with code 0
2024/10/08 12:43:23 [notice] 1#1: signal 29 (SIGIO) received
2024/10/08 12:43:23 [notice] 1#1: signal 17 (SIGCHLD) received from 35
2024/10/08 12:43:23 [notice] 1#1: worker process 30 exited with code 0
2024/10/08 12:43:23 [notice] 1#1: worker process 34 exited with code 0
2024/10/08 12:43:23 [notice] 1#1: worker process 35 exited with code 0
2024/10/08 12:43:23 [notice] 1#1: exit
2024/10/08 12:43:25 [notice] 1#1: using the "epoll" event method
2024/10/08 12:43:25 [notice] 1#1: nginx/1.27.2
2024/10/08 12:43:25 [notice] 1#1: built by gcc 13.2.1 20240309 (Alpine 13.2.1_git20240309) 
2024/10/08 12:43:25 [notice] 1#1: OS: Linux 5.15.133.1-microsoft-standard-WSL2
2024/10/08 12:43:25 [notice] 1#1: getrlimit(RLIMIT_NOFILE): 1048576:1048576
2024/10/08 12:43:25 [notice] 1#1: start worker processes
2024/10/08 12:43:25 [notice] 1#1: start worker process 29
2024/10/08 12:43:25 [notice] 1#1: start worker process 30
2024/10/08 12:43:25 [notice] 1#1: start worker process 31
2024/10/08 12:43:25 [notice] 1#1: start worker process 32
2024/10/08 12:43:25 [notice] 1#1: start worker process 33
2024/10/08 12:43:25 [notice] 1#1: start worker process 34
2024/10/08 12:43:25 [notice] 1#1: start worker process 35
2024/10/08 12:43:25 [notice] 1#1: start worker process 36
2024/10/08 12:45:05 [notice] 1#1: signal 3 (SIGQUIT) received, shutting down
2024/10/08 12:45:05 [notice] 31#31: gracefully shutting down
2024/10/08 12:45:05 [notice] 31#31: exiting
2024/10/08 12:45:05 [notice] 30#30: gracefully shutting down
2024/10/08 12:45:05 [notice] 36#36: gracefully shutting down
2024/10/08 12:45:05 [notice] 29#29: gracefully shutting down
2024/10/08 12:45:05 [notice] 36#36: exiting
2024/10/08 12:45:05 [notice] 34#34: gracefully shutting down
2024/10/08 12:45:05 [notice] 34#34: exiting
2024/10/08 12:45:05 [notice] 31#31: exit
2024/10/08 12:45:05 [notice] 30#30: exiting
2024/10/08 12:45:05 [notice] 30#30: exit
2024/10/08 12:45:05 [notice] 33#33: gracefully shutting down
2024/10/08 12:45:05 [notice] 35#35: gracefully shutting down
2024/10/08 12:45:05 [notice] 35#35: exiting
2024/10/08 12:45:05 [notice] 32#32: gracefully shutting down
2024/10/08 12:45:05 [notice] 29#29: exiting
2024/10/08 12:45:05 [notice] 29#29: exit
2024/10/08 12:45:05 [notice] 36#36: exit
2024/10/08 12:45:05 [notice] 34#34: exit
2024/10/08 12:45:05 [notice] 33#33: exiting
2024/10/08 12:45:05 [notice] 35#35: exit
2024/10/08 12:45:05 [notice] 32#32: exiting
2024/10/08 12:45:05 [notice] 33#33: exit
2024/10/08 12:45:05 [notice] 32#32: exit
2024/10/08 12:45:05 [notice] 1#1: signal 17 (SIGCHLD) received from 32
2024/10/08 12:45:05 [notice] 1#1: worker process 29 exited with code 0
2024/10/08 12:45:05 [notice] 1#1: worker process 31 exited with code 0
2024/10/08 12:45:05 [notice] 1#1: worker process 32 exited with code 0
2024/10/08 12:45:05 [notice] 1#1: worker process 34 exited with code 0
2024/10/08 12:45:05 [notice] 1#1: signal 29 (SIGIO) received
2024/10/08 12:45:05 [notice] 1#1: signal 17 (SIGCHLD) received from 31
2024/10/08 12:45:05 [notice] 1#1: signal 17 (SIGCHLD) received from 30
2024/10/08 12:45:05 [notice] 1#1: worker process 30 exited with code 0
2024/10/08 12:45:05 [notice] 1#1: worker process 35 exited with code 0
2024/10/08 12:45:05 [notice] 1#1: signal 29 (SIGIO) received
2024/10/08 12:45:06 [notice] 1#1: signal 17 (SIGCHLD) received from 36
2024/10/08 12:45:06 [notice] 1#1: worker process 33 exited with code 0
2024/10/08 12:45:06 [notice] 1#1: worker process 36 exited with code 0
2024/10/08 12:45:06 [notice] 1#1: exit
2024/10/08 12:45:07 [notice] 1#1: using the "epoll" event method
2024/10/08 12:45:07 [notice] 1#1: nginx/1.27.2
2024/10/08 12:45:07 [notice] 1#1: built by gcc 13.2.1 20240309 (Alpine 13.2.1_git20240309) 
2024/10/08 12:45:07 [notice] 1#1: OS: Linux 5.15.133.1-microsoft-standard-WSL2
2024/10/08 12:45:07 [notice] 1#1: getrlimit(RLIMIT_NOFILE): 1048576:1048576
2024/10/08 12:45:07 [notice] 1#1: start worker processes
2024/10/08 12:45:07 [notice] 1#1: start worker process 29
2024/10/08 12:45:07 [notice] 1#1: start worker process 30
2024/10/08 12:45:07 [notice] 1#1: start worker process 31
2024/10/08 12:45:07 [notice] 1#1: start worker process 32
2024/10/08 12:45:07 [notice] 1#1: start worker process 33
2024/10/08 12:45:07 [notice] 1#1: start worker process 34
2024/10/08 12:45:07 [notice] 1#1: start worker process 35
2024/10/08 12:45:07 [notice] 1#1: start worker process 36
2024/10/08 12:46:00 [notice] 1#1: signal 3 (SIGQUIT) received, shutting down
2024/10/08 12:46:00 [notice] 30#30: gracefully shutting down
2024/10/08 12:46:00 [notice] 29#29: gracefully shutting down
2024/10/08 12:46:00 [notice] 32#32: gracefully shutting down
2024/10/08 12:46:00 [notice] 34#34: gracefully shutting down
2024/10/08 12:46:00 [notice] 35#35: gracefully shutting down
2024/10/08 12:46:00 [notice] 33#33: gracefully shutting down
2024/10/08 12:46:00 [notice] 36#36: gracefully shutting down
2024/10/08 12:46:00 [notice] 30#30: exiting
2024/10/08 12:46:00 [notice] 29#29: exiting
2024/10/08 12:46:00 [notice] 32#32: exiting
2024/10/08 12:46:00 [notice] 34#34: exiting
2024/10/08 12:46:00 [notice] 35#35: exiting
2024/10/08 12:46:00 [notice] 33#33: exiting
2024/10/08 12:46:00 [notice] 35#35: exit
2024/10/08 12:46:00 [notice] 36#36: exiting
2024/10/08 12:46:00 [notice] 36#36: exit
2024/10/08 12:46:00 [notice] 31#31: gracefully shutting down
2024/10/08 12:46:00 [notice] 30#30: exit
2024/10/08 12:46:00 [notice] 29#29: exit
2024/10/08 12:46:00 [notice] 32#32: exit
2024/10/08 12:46:00 [notice] 34#34: exit
2024/10/08 12:46:00 [notice] 33#33: exit
2024/10/08 12:46:00 [notice] 31#31: exiting
2024/10/08 12:46:00 [notice] 31#31: exit
2024/10/08 12:46:00 [notice] 1#1: signal 17 (SIGCHLD) received from 31
2024/10/08 12:46:00 [notice] 1#1: worker process 29 exited with code 0
2024/10/08 12:46:00 [notice] 1#1: worker process 31 exited with code 0
2024/10/08 12:46:00 [notice] 1#1: worker process 35 exited with code 0
2024/10/08 12:46:00 [notice] 1#1: signal 29 (SIGIO) received
2024/10/08 12:46:00 [notice] 1#1: signal 17 (SIGCHLD) received from 29
2024/10/08 12:46:00 [notice] 1#1: signal 17 (SIGCHLD) received from 36
2024/10/08 12:46:00 [notice] 1#1: worker process 30 exited with code 0
2024/10/08 12:46:00 [notice] 1#1: worker process 32 exited with code 0
2024/10/08 12:46:00 [notice] 1#1: worker process 33 exited with code 0
2024/10/08 12:46:00 [notice] 1#1: worker process 34 exited with code 0
2024/10/08 12:46:00 [notice] 1#1: worker process 36 exited with code 0
2024/10/08 12:46:00 [notice] 1#1: exit
2024/10/08 12:46:01 [notice] 1#1: using the "epoll" event method
2024/10/08 12:46:01 [notice] 1#1: nginx/1.27.2
2024/10/08 12:46:01 [notice] 1#1: built by gcc 13.2.1 20240309 (Alpine 13.2.1_git20240309) 
2024/10/08 12:46:01 [notice] 1#1: OS: Linux 5.15.133.1-microsoft-standard-WSL2
2024/10/08 12:46:01 [notice] 1#1: getrlimit(RLIMIT_NOFILE): 1048576:1048576
2024/10/08 12:46:01 [notice] 1#1: start worker processes
2024/10/08 12:46:01 [notice] 1#1: start worker process 29
2024/10/08 12:46:01 [notice] 1#1: start worker process 30
2024/10/08 12:46:01 [notice] 1#1: start worker process 31
2024/10/08 12:46:01 [notice] 1#1: start worker process 32
2024/10/08 12:46:01 [notice] 1#1: start worker process 33
2024/10/08 12:46:01 [notice] 1#1: start worker process 34
2024/10/08 12:46:01 [notice] 1#1: start worker process 35
2024/10/08 12:46:01 [notice] 1#1: start worker process 36
2024/10/08 12:46:19 [notice] 1#1: signal 3 (SIGQUIT) received, shutting down
2024/10/08 12:46:19 [notice] 29#29: gracefully shutting down
2024/10/08 12:46:19 [notice] 32#32: gracefully shutting down
2024/10/08 12:46:19 [notice] 33#33: gracefully shutting down
2024/10/08 12:46:19 [notice] 34#34: gracefully shutting down
2024/10/08 12:46:19 [notice] 36#36: gracefully shutting down
2024/10/08 12:46:19 [notice] 30#30: gracefully shutting down
2024/10/08 12:46:19 [notice] 35#35: gracefully shutting down
2024/10/08 12:46:19 [notice] 31#31: gracefully shutting down
2024/10/08 12:46:19 [notice] 29#29: exiting
2024/10/08 12:46:19 [notice] 34#34: exiting
2024/10/08 12:46:19 [notice] 34#34: exit
2024/10/08 12:46:19 [notice] 36#36: exiting
2024/10/08 12:46:19 [notice] 33#33: exiting
2024/10/08 12:46:19 [notice] 30#30: exiting
2024/10/08 12:46:19 [notice] 35#35: exiting
2024/10/08 12:46:19 [notice] 29#29: exit
2024/10/08 12:46:19 [notice] 36#36: exit
2024/10/08 12:46:19 [notice] 33#33: exit
2024/10/08 12:46:19 [notice] 30#30: exit
2024/10/08 12:46:19 [notice] 35#35: exit
2024/10/08 12:46:19 [notice] 1#1: signal 17 (SIGCHLD) received from 29
2024/10/08 12:46:19 [notice] 1#1: worker process 29 exited with code 0
2024/10/08 12:46:19 [notice] 1#1: worker process 30 exited with code 0
2024/10/08 12:46:19 [notice] 1#1: worker process 34 exited with code 0
2024/10/08 12:46:19 [notice] 1#1: worker process 35 exited with code 0
2024/10/08 12:46:19 [notice] 1#1: worker process 36 exited with code 0
2024/10/08 12:46:19 [notice] 1#1: signal 29 (SIGIO) received
2024/10/08 12:46:19 [notice] 1#1: signal 17 (SIGCHLD) received from 35
2024/10/08 12:46:19 [notice] 1#1: signal 17 (SIGCHLD) received from 33
2024/10/08 12:46:19 [notice] 1#1: worker process 33 exited with code 0
2024/10/08 12:46:19 [notice] 1#1: signal 29 (SIGIO) received
